[04-09-25 - 05:48:08] Waiting for serial connection...
[04-09-25 - 05:48:10] Serial connection established successfully.
[04-09-25 - 05:48:14] Search ready
[04-09-25 - 05:48:14] W:5.141332824271612H:2.520747137554955
[04-09-25 - 05:48:14] Starting Location: , (32.7290956, -97.1262046)
[04-09-25 - 05:48:14] Heading: 
[04-09-25 - 05:48:14] 78
[04-09-25 - 05:48:14] The drone is now armable
[04-09-25 - 05:48:14] The drone is not in guided mode yet
[04-09-25 - 05:48:15] The drone is now in guided mode
[04-09-25 - 05:48:15] Waiting for drone to arm: 
[04-09-25 - 05:48:15] {'STANDBY'}
[04-09-25 - 05:48:16] Waiting for drone to arm: 
[04-09-25 - 05:48:16] {'STANDBY'}
[04-09-25 - 05:48:17] The drone has now been armed
[04-09-25 - 05:48:17] Copter GPS Ready
[04-09-25 - 05:48:17] gpsfixed
[04-09-25 - 05:48:17] getting the cmds position
[04-09-25 - 05:48:17] cmds: <dronekit.CommandSequence object at 0xffff86626cb0>
[04-09-25 - 05:48:17] Mission commands:
[04-09-25 - 05:48:17] 1, 32.729129791259766, -97.12647247314453, 100.0
[04-09-25 - 05:48:17] 2, 32.729129791259766, -97.12619018554688, 100.0
[04-09-25 - 05:48:17] 3, 32.729339599609375, -97.12619018554688, 100.0
[04-09-25 - 05:48:17] 4, 32.729339599609375, -97.12646484375, 100.0
[04-09-25 - 05:48:17] 5, 32.72908401489258, -97.12625885009766, 100.0
[04-09-25 - 05:48:17] Home Location: Latitude=32.729095458984375, Longitude=-97.12620544433594, Altitude=181.8699951171875
[04-09-25 - 05:48:17] Horiz: 26.405513949446327, Vert: 23.329624044585273 
[04-09-25 - 05:48:17] 0.00028228759765625
[04-09-25 - 05:48:17] 0.000209808349609375
[04-09-25 - 05:48:18] [[ 32.72912979 -97.12619019]
 [ 32.72912979 -97.12647247]
 [ 32.72916476 -97.12647247]
 [ 32.72916476 -97.12619019]
 [ 32.72919973 -97.12619019]
 [ 32.72919973 -97.12647247]
 [ 32.7292347  -97.12647247]
 [ 32.7292347  -97.12619019]
 [ 32.72926966 -97.12619019]
 [ 32.72926966 -97.12647247]
 [ 32.72930463 -97.12647247]
 [ 32.72930463 -97.12619019]
 [ 32.7293396  -97.12619019]
 [ 32.7293396  -97.12647247]]
[04-09-25 - 05:48:18] Waypoints saved to generated_search_pattern_waypoints.csv
[04-09-25 - 05:48:18] [[1, 32.729129791259766, -97.12647247314453, 100.0], [2, 32.729129791259766, -97.12619018554688, 100.0], [3, 32.729339599609375, -97.12619018554688, 100.0], [4, 32.729339599609375, -97.12646484375, 100.0], [5, 32.72908401489258, -97.12625885009766, 100.0]]
[04-09-25 - 05:48:18] fence: (32.729129791259766, -97.12647247314453)
[04-09-25 - 05:48:18] fence: (32.729129791259766, -97.12619018554688)
[04-09-25 - 05:48:18] fence: (32.729339599609375, -97.12619018554688)
[04-09-25 - 05:48:18] fence: (32.729339599609375, -97.12646484375)
[04-09-25 - 05:48:23] Set default/target airspeed to 3
[04-09-25 - 05:48:23] Set default/target airspeed to 3
[04-09-25 - 05:48:23] Taking off!
[04-09-25 - 05:48:23]  Altitude: 
[04-09-25 - 05:48:23] 0.0
[04-09-25 - 05:48:24]  Altitude: 
[04-09-25 - 05:48:24] 0.0
[04-09-25 - 05:48:25]  Altitude: 
[04-09-25 - 05:48:25] 0.354
[04-09-25 - 05:48:26]  Altitude: 
[04-09-25 - 05:48:26] 0.972
[04-09-25 - 05:48:27]  Altitude: 
[04-09-25 - 05:48:27] 1.68
[04-09-25 - 05:48:28]  Altitude: 
[04-09-25 - 05:48:28] 2.438
[04-09-25 - 05:48:29]  Altitude: 
[04-09-25 - 05:48:29] 3.169
[04-09-25 - 05:48:30]  Altitude: 
[04-09-25 - 05:48:30] 3.913
[04-09-25 - 05:48:30] Reached target altitude
[04-09-25 - 05:48:30] Waypoint:
[04-09-25 - 05:48:30] (32.729339599609354, -97.12647247314446)
[04-09-25 - 05:48:44] Found Marker, stopping
[04-09-25 - 05:48:44] Returning to Launch
[04-09-25 - 05:48:44] Close vehicle object
