[04-09-25 - 06:06:43] Waiting for serial connection...
[04-09-25 - 06:06:45] Serial connection established successfully.
[04-09-25 - 06:06:48] Search ready
[04-09-25 - 06:06:48] W:5.141332824271612H:2.520747137554955
[04-09-25 - 06:06:48] Starting Location: , (32.7293638, -97.1266339)
[04-09-25 - 06:06:48] Heading: 
[04-09-25 - 06:06:48] 91
[04-09-25 - 06:06:48] The drone is now armable
[04-09-25 - 06:06:48] The drone is not in guided mode yet
[04-09-25 - 06:06:49] The drone is now in guided mode
[04-09-25 - 06:06:49] Waiting for drone to arm: 
[04-09-25 - 06:06:49] {'STANDBY'}
[04-09-25 - 06:06:50] Waiting for drone to arm: 
[04-09-25 - 06:06:50] {'STANDBY'}
[04-09-25 - 06:06:51] The drone has now been armed
[04-09-25 - 06:06:51] Copter GPS Ready
[04-09-25 - 06:06:51] gpsfixed
[04-09-25 - 06:06:51] getting the cmds position
[04-09-25 - 06:06:52] cmds: <dronekit.CommandSequence object at 0xffffa2986c80>
[04-09-25 - 06:06:52] Mission commands:
[04-09-25 - 06:06:52] 1, 32.72940444946289, -97.12666320800781, 100.0
[04-09-25 - 06:06:52] 2, 32.72940444946289, -97.1263656616211, 100.0
[04-09-25 - 06:06:52] 3, 32.72962951660156, -97.12637329101562, 100.0
[04-09-25 - 06:06:52] 4, 32.7296257019043, -97.12666320800781, 100.0
[04-09-25 - 06:06:52] 5, 32.72970199584961, -97.12651824951172, 100.0
[04-09-25 - 06:06:52] Home Location: Latitude=32.72936248779297, Longitude=-97.12664031982422, Altitude=184.58999633789062
[04-09-25 - 06:06:52] Horiz: 27.832753275896966, Vert: 25.03649738839958 
[04-09-25 - 06:06:52] 0.00029754638671875
[04-09-25 - 06:06:52] 0.0002251964133170386
[04-09-25 - 06:06:52] [[ 32.72940445 -97.12636566]
 [ 32.72940445 -97.12666321]
 [ 32.72944196 -97.12666448]
 [ 32.72944196 -97.12636693]
 [ 32.72947947 -97.1263682 ]
 [ 32.72947947 -97.12666575]
 [ 32.72951698 -97.12666702]
 [ 32.72951698 -97.12636948]
 [ 32.72955449 -97.12637075]
 [ 32.72955449 -97.12666829]
 [ 32.72959201 -97.12666957]
 [ 32.72959201 -97.12637202]
 [ 32.72962952 -97.12637329]
 [ 32.72962952 -97.12667084]]
[04-09-25 - 06:06:52] Waypoints saved to generated_search_pattern_waypoints.csv
[04-09-25 - 06:06:52] [[1, 32.72940444946289, -97.12666320800781, 100.0], [2, 32.72940444946289, -97.1263656616211, 100.0], [3, 32.72962951660156, -97.12637329101562, 100.0], [4, 32.7296257019043, -97.12666320800781, 100.0], [5, 32.72970199584961, -97.12651824951172, 100.0]]
[04-09-25 - 06:06:52] fence: (32.72940444946289, -97.12666320800781)
[04-09-25 - 06:06:52] fence: (32.72940444946289, -97.1263656616211)
[04-09-25 - 06:06:52] fence: (32.72962951660156, -97.12637329101562)
[04-09-25 - 06:06:52] fence: (32.7296257019043, -97.12666320800781)
[04-09-25 - 06:06:57] Set default/target airspeed to 3
[04-09-25 - 06:06:57] Set default/target airspeed to 3
[04-09-25 - 06:06:57] Taking off!
[04-09-25 - 06:06:57]  Altitude: 
[04-09-25 - 06:06:57] 0.004
[04-09-25 - 06:06:58]  Altitude: 
[04-09-25 - 06:06:58] 0.014
[04-09-25 - 06:06:59]  Altitude: 
[04-09-25 - 06:06:59] 0.442
[04-09-25 - 06:07:00]  Altitude: 
[04-09-25 - 06:07:00] 1.056
[04-09-25 - 06:07:01]  Altitude: 
[04-09-25 - 06:07:01] 1.796
[04-09-25 - 06:07:02]  Altitude: 
[04-09-25 - 06:07:02] 2.608
[04-09-25 - 06:07:03]  Altitude: 
[04-09-25 - 06:07:03] 3.343
[04-09-25 - 06:07:04]  Altitude: 
[04-09-25 - 06:07:04] 3.699
[04-09-25 - 06:07:04] Reached target altitude
[04-09-25 - 06:07:04] Waypoint:
[04-09-25 - 06:07:04] (32.72962951660156, -97.12667083740239)
[04-09-25 - 06:07:18] Waypoint:
[04-09-25 - 06:07:18] (32.72962951660155, -97.12637329101558)
[04-09-25 - 06:07:32] Waypoint:
[04-09-25 - 06:07:32] (32.729592005411774, -97.12637201944983)
[04-09-25 - 06:07:35] Waypoint:
[04-09-25 - 06:07:35] (32.72959200541179, -97.12666956583662)
[04-09-25 - 06:07:49] Waypoint:
[04-09-25 - 06:07:49] (32.72955449422201, -97.12666829427087)
[04-09-25 - 06:07:51] Waypoint:
[04-09-25 - 06:07:51] (32.72955449422199, -97.12637074788407)
[04-09-25 - 06:07:59] Found Marker, stopping
[04-09-25 - 06:07:59] Returning to Launch
[04-09-25 - 06:07:59] Close vehicle object
[04-09-25 - 06:06:45] Comms Ready
[04-09-25 - 06:14:26] Process Process-3:

[04-09-25 - 06:14:26] Traceback (most recent call last):

[04-09-25 - 06:14:26]   File "/usr/lib/python3.10/multiprocessing/process.py", line 314, in _bootstrap
    self.run()

[04-09-25 - 06:14:26]   File "/usr/lib/python3.10/multiprocessing/process.py", line 108, in run
    self._target(*self._args, **self._kwargs)

[04-09-25 - 06:14:26]   File "/home/enorda/DroneCodeRepo/drone/DroneCode/IntegratedUAVcode.py", line 221, in search_algorithm
    if not marker_queue.empty():

[04-09-25 - 06:14:26]   File "/usr/lib/python3.10/multiprocessing/queues.py", line 129, in empty
    return not self._poll()

[04-09-25 - 06:14:26]   File "/usr/lib/python3.10/multiprocessing/connection.py", line 257, in poll
    return self._poll(timeout)

[04-09-25 - 06:14:26]   File "/usr/lib/python3.10/multiprocessing/connection.py", line 424, in _poll
    r = wait([self], timeout)

[04-09-25 - 06:14:26]   File "/usr/lib/python3.10/multiprocessing/connection.py", line 931, in wait
    ready = selector.select(timeout)

[04-09-25 - 06:14:26]   File "/usr/lib/python3.10/selectors.py", line 416, in select
    fd_event_list = self._selector.poll(timeout)

[04-09-25 - 06:14:26] KeyboardInterrupt

[04-09-25 - 06:14:26] Closed serial connection.
[04-09-25 - 06:08:00] Sent: [32.7295498, -97.1264986]

[04-09-25 - 06:08:00] Received: MSG_OK :: Sent: [32.7295498, -97.1264986]
[04-09-25 - 06:14:26] Process Process-4:

[04-09-25 - 06:14:26] Traceback (most recent call last):

[04-09-25 - 06:14:26]   File "/usr/lib/python3.10/multiprocessing/process.py", line 314, in _bootstrap
    self.run()

[04-09-25 - 06:14:26]   File "/usr/lib/python3.10/multiprocessing/process.py", line 108, in run
    self._target(*self._args, **self._kwargs)

[04-09-25 - 06:14:26]   File "/home/enorda/DroneCodeRepo/drone/DroneCode/IntegratedUAVcode.py", line 334, in comms
    time.sleep(1)  # Wait before sending the next message

[04-09-25 - 06:14:26] KeyboardInterrupt

[04-09-25 - 06:14:26] Traceback (most recent call last):

[04-09-25 - 06:14:26]   File "/home/enorda/DroneCodeRepo/drone/DroneCode/IntegratedUAVcode.py", line 387, in <module>

[04-09-25 - 06:14:26] camera_process.join()
[04-09-25 - 06:14:26]   File "/usr/lib/python3.10/multiprocessing/process.py", line 149, in join

[04-09-25 - 06:14:26] res = self._popen.wait(timeout)
[04-09-25 - 06:14:26]   File "/usr/lib/python3.10/multiprocessing/popen_fork.py", line 43, in wait

[04-09-25 - 06:14:26] return self.poll(os.WNOHANG if timeout == 0.0 else 0)
[04-09-25 - 06:14:26]   File "/usr/lib/python3.10/multiprocessing/popen_fork.py", line 27, in poll

[04-09-25 - 06:14:26] pid, sts = os.waitpid(self.pid, flag)
[04-09-25 - 06:14:26] KeyboardInterrupt
[04-09-25 - 06:14:27] Exception ignored in atexit callback
[04-09-25 - 06:14:27] : 
[04-09-25 - 06:14:27] <function _exit_function at 0xffffa2947f40>
[04-09-25 - 06:14:27] Traceback (most recent call last):

[04-09-25 - 06:14:27]   File "/usr/lib/python3.10/multiprocessing/util.py", line 357, in _exit_function

[04-09-25 - 06:14:27] p.join()
[04-09-25 - 06:14:27]   File "/usr/lib/python3.10/multiprocessing/process.py", line 149, in join

[04-09-25 - 06:14:27] res = self._popen.wait(timeout)
[04-09-25 - 06:14:27]   File "/usr/lib/python3.10/multiprocessing/popen_fork.py", line 43, in wait

[04-09-25 - 06:14:27] return self.poll(os.WNOHANG if timeout == 0.0 else 0)
[04-09-25 - 06:14:27]   File "/usr/lib/python3.10/multiprocessing/popen_fork.py", line 27, in poll

[04-09-25 - 06:14:27] pid, sts = os.waitpid(self.pid, flag)
[04-09-25 - 06:14:27] KeyboardInterrupt
[04-09-25 - 06:14:27] : 
