[04-09-25 - 06:13:28] Waiting for serial connection...
[04-09-25 - 06:13:30] Serial connection established successfully.
[04-09-25 - 06:13:34] Search ready
[04-09-25 - 06:13:34] W:5.141332824271612H:2.520747137554955
[04-09-25 - 06:13:34] Starting Location: , (32.7293633, -97.1266287)
[04-09-25 - 06:13:34] Heading: 
[04-09-25 - 06:13:34] 280
[04-09-25 - 06:13:34] The drone is now armable
[04-09-25 - 06:13:34] The drone is not in guided mode yet
[04-09-25 - 06:13:35] The drone is now in guided mode
[04-09-25 - 06:13:35] Waiting for drone to arm: 
[04-09-25 - 06:13:35] {'STANDBY'}
[04-09-25 - 06:13:36] Waiting for drone to arm: 
[04-09-25 - 06:13:36] {'STANDBY'}
[04-09-25 - 06:13:37] The drone has now been armed
[04-09-25 - 06:13:37] Copter GPS Ready
[04-09-25 - 06:13:37] gpsfixed
[04-09-25 - 06:13:37] getting the cmds position
[04-09-25 - 06:13:37] cmds: <dronekit.CommandSequence object at 0xffffab036cb0>
[04-09-25 - 06:13:37] Mission commands:
[04-09-25 - 06:13:37] 1, 32.72938919067383, -97.12635803222656, 100.0
[04-09-25 - 06:13:37] 2, 32.729393005371094, -97.1266860961914, 100.0
[04-09-25 - 06:13:37] 3, 32.72964096069336, -97.1266860961914, 100.0
[04-09-25 - 06:13:37] 4, 32.72964096069336, -97.12635803222656, 100.0
[04-09-25 - 06:13:37] 5, 32.72970199584961, -97.12651824951172, 100.0
[04-09-25 - 06:13:37] Home Location: Latitude=32.72936248779297, Longitude=-97.12663269042969, Altitude=193.30999755859375
[04-09-25 - 06:13:37] Horiz: 30.690330662403973, Vert: 27.57137387048769 
[04-09-25 - 06:13:37] 0.0003280861425665973
[04-09-25 - 06:13:37] 0.000247955322265625
[04-09-25 - 06:13:38] [[ 32.72939301 -97.1266861 ]
 [ 32.72938919 -97.12635803]
 [ 32.72942461 -97.12635803]
 [ 32.72942843 -97.1266861 ]
 [ 32.72946385 -97.1266861 ]
 [ 32.72946004 -97.12635803]
 [ 32.72949546 -97.12635803]
 [ 32.72949927 -97.1266861 ]
 [ 32.72953469 -97.1266861 ]
 [ 32.72953088 -97.12635803]
 [ 32.7295663  -97.12635803]
 [ 32.72957012 -97.1266861 ]
 [ 32.72960554 -97.1266861 ]
 [ 32.72960172 -97.12635803]
 [ 32.72963715 -97.12635803]
 [ 32.72964096 -97.1266861 ]]
[04-09-25 - 06:13:38] Waypoints saved to generated_search_pattern_waypoints.csv
[04-09-25 - 06:13:38] [[1, 32.72938919067383, -97.12635803222656, 100.0], [2, 32.729393005371094, -97.1266860961914, 100.0], [3, 32.72964096069336, -97.1266860961914, 100.0], [4, 32.72964096069336, -97.12635803222656, 100.0], [5, 32.72970199584961, -97.12651824951172, 100.0]]
[04-09-25 - 06:13:38] fence: (32.72938919067383, -97.12635803222656)
[04-09-25 - 06:13:38] fence: (32.729393005371094, -97.1266860961914)
[04-09-25 - 06:13:38] fence: (32.72964096069336, -97.1266860961914)
[04-09-25 - 06:13:38] fence: (32.72964096069336, -97.12635803222656)
[04-09-25 - 06:13:43] Set default/target airspeed to 3
[04-09-25 - 06:13:43] Set default/target airspeed to 3
[04-09-25 - 06:13:43] Taking off!
[04-09-25 - 06:13:43]  Altitude: 
[04-09-25 - 06:13:43] 0.007
[04-09-25 - 06:13:44]  Altitude: 
[04-09-25 - 06:13:44] 0.008
[04-09-25 - 06:13:45]  Altitude: 
[04-09-25 - 06:13:45] 0.345
[04-09-25 - 06:13:46]  Altitude: 
[04-09-25 - 06:13:46] 0.999
[04-09-25 - 06:13:47]  Altitude: 
[04-09-25 - 06:13:47] 1.736
[04-09-25 - 06:13:48]  Altitude: 
[04-09-25 - 06:13:48] 2.506
[04-09-25 - 06:13:49]  Altitude: 
[04-09-25 - 06:13:49] 3.253
[04-09-25 - 06:13:50]  Altitude: 
[04-09-25 - 06:13:50] 3.71
[04-09-25 - 06:13:50] Reached target altitude
[04-09-25 - 06:13:50] Waypoint:
[04-09-25 - 06:13:50] (32.729640960693374, -97.12668609619142)
[04-09-25 - 06:14:05] Waypoint:
[04-09-25 - 06:14:05] (32.729637145996136, -97.12635803222663)
[04-09-25 - 06:14:19] Waypoint:
[04-09-25 - 06:14:19] (32.729601723807235, -97.12635803222663)
[04-09-25 - 06:14:23] Waypoint:
[04-09-25 - 06:14:23] (32.72960553850448, -97.12668609619142)
[04-09-25 - 06:14:38] Waypoint:
[04-09-25 - 06:14:38] (32.729570116315585, -97.12668609619142)
[04-09-25 - 06:14:41] Waypoint:
[04-09-25 - 06:14:41] (32.72956630161834, -97.12635803222662)
[04-09-25 - 06:14:56] Waypoint:
[04-09-25 - 06:14:56] (32.72953087942944, -97.12635803222662)
[04-09-25 - 06:14:59] Waypoint:
[04-09-25 - 06:14:59] (32.729534694126684, -97.12668609619142)
[04-09-25 - 06:15:05] Found Marker, stopping
[04-09-25 - 06:15:05] Returning to Launch
[04-09-25 - 06:15:05] Close vehicle object
[04-09-25 - 06:19:19] Closed serial connection.
[04-09-25 - 06:15:05] Sent: [32.7295309, -97.1264559]

[04-09-25 - 06:15:05] Received: MSG_OK :: Sent: [32.7295309, -97.1264559]
[04-09-25 - 06:19:19] Process Process-4:

[04-09-25 - 06:19:21] Traceback (most recent call last):

[04-09-25 - 06:19:21]   File "/usr/lib/python3.10/multiprocessing/process.py", line 314, in _bootstrap
    self.run()

[04-09-25 - 06:19:21]   File "/usr/lib/python3.10/multiprocessing/process.py", line 108, in run
    self._target(*self._args, **self._kwargs)

[04-09-25 - 06:19:21]   File "/home/enorda/DroneCodeRepo/drone/DroneCode/IntegratedUAVcode.py", line 334, in comms
    time.sleep(1)  # Wait before sending the next message

[04-09-25 - 06:19:21] KeyboardInterrupt

[04-09-25 - 06:19:19] Traceback (most recent call last):

[04-09-25 - 06:19:19]   File "/home/enorda/DroneCodeRepo/drone/DroneCode/IntegratedUAVcode.py", line 387, in <module>

[04-09-25 - 06:19:19] camera_process.join()
[04-09-25 - 06:19:19]   File "/usr/lib/python3.10/multiprocessing/process.py", line 149, in join

[04-09-25 - 06:19:21] res = self._popen.wait(timeout)
[04-09-25 - 06:19:21]   File "/usr/lib/python3.10/multiprocessing/popen_fork.py", line 43, in wait

[04-09-25 - 06:19:21] return self.poll(os.WNOHANG if timeout == 0.0 else 0)
[04-09-25 - 06:19:21]   File "/usr/lib/python3.10/multiprocessing/popen_fork.py", line 27, in poll

[04-09-25 - 06:19:21] pid, sts = os.waitpid(self.pid, flag)
[04-09-25 - 06:19:21] KeyboardInterrupt
[04-09-25 - 06:13:30] Comms Ready
[04-09-25 - 06:19:19] Process Process-3:

[04-09-25 - 06:19:21] Traceback (most recent call last):

[04-09-25 - 06:19:21]   File "/usr/lib/python3.10/multiprocessing/process.py", line 314, in _bootstrap
    self.run()

[04-09-25 - 06:19:21]   File "/usr/lib/python3.10/multiprocessing/process.py", line 108, in run
    self._target(*self._args, **self._kwargs)

[04-09-25 - 06:19:21]   File "/home/enorda/DroneCodeRepo/drone/DroneCode/IntegratedUAVcode.py", line 221, in search_algorithm
    if not marker_queue.empty():

[04-09-25 - 06:19:21]   File "/usr/lib/python3.10/multiprocessing/queues.py", line 129, in empty
    return not self._poll()

[04-09-25 - 06:19:21]   File "/usr/lib/python3.10/multiprocessing/connection.py", line 255, in poll
    self._check_closed()

[04-09-25 - 06:19:21]   File "/usr/lib/python3.10/multiprocessing/connection.py", line 135, in _check_closed
    if self._handle is None:

[04-09-25 - 06:19:21] KeyboardInterrupt

[04-09-25 - 06:13:30] Initializing camera...
[04-09-25 - 06:13:35] Camera initialized
[04-09-25 - 06:13:50] Saving video to: /home/enorda/DroneCodeRepo/drone/DroneCode/Recording Folder/04-09-25 06:13 Record_while_flying.avi
[04-09-25 - 06:13:50] Camera ready
[04-09-25 - 06:19:19] Process Process-2:

[04-09-25 - 06:19:21] Traceback (most recent call last):

[04-09-25 - 06:19:21]   File "/usr/lib/python3.10/multiprocessing/process.py", line 314, in _bootstrap
    self.run()

[04-09-25 - 06:19:21]   File "/usr/lib/python3.10/multiprocessing/process.py", line 108, in run
    self._target(*self._args, **self._kwargs)

[04-09-25 - 06:19:21]   File "/home/enorda/DroneCodeRepo/drone/DroneCode/IntegratedUAVcode.py", line 260, in camera_run
    video_writer.write(frame)  # Write the frame to the output file

[04-09-25 - 06:19:21] KeyboardInterrupt

