[04-09-25 - 06:02:34] Waiting for serial connection...
[04-09-25 - 06:02:36] Serial connection established successfully.
[04-09-25 - 06:02:40] Search ready
[04-09-25 - 06:02:40] W:5.141332824271612H:2.520747137554955
[04-09-25 - 06:02:40] Starting Location: , (32.7296396, -97.1266541)
[04-09-25 - 06:02:40] Heading: 
[04-09-25 - 06:02:40] 274
[04-09-25 - 06:02:40] The drone is now armable
[04-09-25 - 06:02:40] The drone is not in guided mode yet
[04-09-25 - 06:02:41] The drone is now in guided mode
[04-09-25 - 06:02:41] Waiting for drone to arm: 
[04-09-25 - 06:02:41] {'STANDBY'}
[04-09-25 - 06:02:42] Waiting for drone to arm: 
[04-09-25 - 06:02:42] {'STANDBY'}
[04-09-25 - 06:02:43] The drone has now been armed
[04-09-25 - 06:02:43] Copter GPS Ready
[04-09-25 - 06:02:43] gpsfixed
[04-09-25 - 06:02:43] getting the cmds position
[04-09-25 - 06:02:43] cmds: <dronekit.CommandSequence object at 0xffff7dcc2c80>
[04-09-25 - 06:02:43] Mission commands:
[04-09-25 - 06:02:43] 1, 32.729644775390625, -97.1264877319336, 100.0
[04-09-25 - 06:02:43] 2, 32.729644775390625, -97.1266860961914, 100.0
[04-09-25 - 06:02:43] 3, 32.72939682006836, -97.1266860961914, 100.0
[04-09-25 - 06:02:43] 4, 32.72939682006836, -97.1264877319336, 100.0
[04-09-25 - 06:02:43] 5, 32.72951126098633, -97.12649536132812, 100.0
[04-09-25 - 06:02:43] Home Location: Latitude=32.729637145996094, Longitude=-97.12665557861328, Altitude=186.33999633789062
[04-09-25 - 06:02:43] Horiz: 18.555118828910878, Vert: 27.57137387048769 
[04-09-25 - 06:02:43] 0.0001983642578125
[04-09-25 - 06:02:43] 0.000247955322265625
[04-09-25 - 06:02:43] [[ 32.72964478 -97.1266861 ]
 [ 32.72964478 -97.12648773]
 [ 32.72958279 -97.12648773]
 [ 32.72958279 -97.1266861 ]
 [ 32.7295208  -97.1266861 ]
 [ 32.7295208  -97.12648773]
 [ 32.72945881 -97.12648773]
 [ 32.72945881 -97.1266861 ]
 [ 32.72939682 -97.1266861 ]
 [ 32.72939682 -97.12648773]]
[04-09-25 - 06:02:43] Waypoints saved to generated_search_pattern_waypoints.csv
[04-09-25 - 06:02:43] [[1, 32.729644775390625, -97.1264877319336, 100.0], [2, 32.729644775390625, -97.1266860961914, 100.0], [3, 32.72939682006836, -97.1266860961914, 100.0], [4, 32.72939682006836, -97.1264877319336, 100.0], [5, 32.72951126098633, -97.12649536132812, 100.0]]
[04-09-25 - 06:02:43] fence: (32.729644775390625, -97.1264877319336)
[04-09-25 - 06:02:43] fence: (32.729644775390625, -97.1266860961914)
[04-09-25 - 06:02:43] fence: (32.72939682006836, -97.1266860961914)
[04-09-25 - 06:02:43] fence: (32.72939682006836, -97.1264877319336)
[04-09-25 - 06:02:49] Set default/target airspeed to 3
[04-09-25 - 06:02:49] Set default/target airspeed to 3
[04-09-25 - 06:02:49] Taking off!
[04-09-25 - 06:02:49]  Altitude: 
[04-09-25 - 06:02:49] 0.0
[04-09-25 - 06:02:50]  Altitude: 
[04-09-25 - 06:02:50] 0.008
[04-09-25 - 06:02:51]  Altitude: 
[04-09-25 - 06:02:51] 0.459
[04-09-25 - 06:02:52]  Altitude: 
[04-09-25 - 06:02:52] 1.099
[04-09-25 - 06:02:53]  Altitude: 
[04-09-25 - 06:02:53] 1.831
[04-09-25 - 06:02:54]  Altitude: 
[04-09-25 - 06:02:54] 2.608
[04-09-25 - 06:02:55]  Altitude: 
[04-09-25 - 06:02:55] 3.342
[04-09-25 - 06:02:56]  Altitude: 
[04-09-25 - 06:02:56] 3.758
[04-09-25 - 06:02:56] Reached target altitude
[04-09-25 - 06:02:56] Waypoint:
[04-09-25 - 06:02:56] (32.729396820068395, -97.12648773193366)
[04-09-25 - 06:03:05] Found Marker, stopping
[04-09-25 - 06:03:05] Returning to Launch
[04-09-25 - 06:03:05] Close vehicle object
