[04-09-25 - 06:26:04] Waiting for serial connection...
[04-09-25 - 06:26:06] Serial connection established successfully.
[04-09-25 - 06:26:10] Search ready
[04-09-25 - 06:26:10] W:5.141332824271612H:2.520747137554955
[04-09-25 - 06:26:10] Starting Location: , (32.7293738, -97.1266312)
[04-09-25 - 06:26:10] Heading: 
[04-09-25 - 06:26:10] 77
[04-09-25 - 06:26:10] The drone is now armable
[04-09-25 - 06:26:10] The drone is not in guided mode yet
[04-09-25 - 06:26:11] The drone is now in guided mode
[04-09-25 - 06:26:11] Waiting for drone to arm: 
[04-09-25 - 06:26:11] {'STANDBY'}
[04-09-25 - 06:26:12] Waiting for drone to arm: 
[04-09-25 - 06:26:12] {'STANDBY'}
[04-09-25 - 06:26:13] The drone has now been armed
[04-09-25 - 06:26:13] Copter GPS Ready
[04-09-25 - 06:26:13] gpsfixed
[04-09-25 - 06:26:13] getting the cmds position
[04-09-25 - 06:26:13] cmds: <dronekit.CommandSequence object at 0xffff978f6c80>
[04-09-25 - 06:26:13] Mission commands:
[04-09-25 - 06:26:13] 1, 32.72940444946289, -97.12666320800781, 100.0
[04-09-25 - 06:26:13] 2, 32.72940444946289, -97.1263656616211, 100.0
[04-09-25 - 06:26:13] 3, 32.72962951660156, -97.12637329101562, 100.0
[04-09-25 - 06:26:13] 4, 32.7296257019043, -97.12666320800781, 100.0
[04-09-25 - 06:26:13] 5, 32.72970199584961, -97.12651824951172, 100.0
[04-09-25 - 06:26:13] Home Location: Latitude=32.729373931884766, Longitude=-97.12663269042969, Altitude=184.58999633789062
[04-09-25 - 06:26:13] Horiz: 27.832753275896966, Vert: 25.03649738839958 
[04-09-25 - 06:26:13] 0.00029754638671875
[04-09-25 - 06:26:13] 0.0002251964133170386
[04-09-25 - 06:26:13] [[ 32.72940445 -97.12636566]
 [ 32.72940445 -97.12666321]
 [ 32.72944196 -97.12666448]
 [ 32.72944196 -97.12636693]
 [ 32.72947947 -97.1263682 ]
 [ 32.72947947 -97.12666575]
 [ 32.72951698 -97.12666702]
 [ 32.72951698 -97.12636948]
 [ 32.72955449 -97.12637075]
 [ 32.72955449 -97.12666829]
 [ 32.72959201 -97.12666957]
 [ 32.72959201 -97.12637202]
 [ 32.72962952 -97.12637329]
 [ 32.72962952 -97.12667084]]
[04-09-25 - 06:26:13] Waypoints saved to generated_search_pattern_waypoints.csv
[04-09-25 - 06:26:13] [[1, 32.72940444946289, -97.12666320800781, 100.0], [2, 32.72940444946289, -97.1263656616211, 100.0], [3, 32.72962951660156, -97.12637329101562, 100.0], [4, 32.7296257019043, -97.12666320800781, 100.0], [5, 32.72970199584961, -97.12651824951172, 100.0]]
[04-09-25 - 06:26:13] fence: (32.72940444946289, -97.12666320800781)
[04-09-25 - 06:26:13] fence: (32.72940444946289, -97.1263656616211)
[04-09-25 - 06:26:13] fence: (32.72962951660156, -97.12637329101562)
[04-09-25 - 06:26:13] fence: (32.7296257019043, -97.12666320800781)
[04-09-25 - 06:26:18] Set default/target airspeed to 3
[04-09-25 - 06:26:18] Set default/target airspeed to 3
[04-09-25 - 06:26:18] Taking off!
[04-09-25 - 06:26:18]  Altitude: 
[04-09-25 - 06:26:18] -0.013
[04-09-25 - 06:26:19]  Altitude: 
[04-09-25 - 06:26:19] -0.011
[04-09-25 - 06:26:20]  Altitude: 
[04-09-25 - 06:26:20] 0.384
[04-09-25 - 06:26:21]  Altitude: 
[04-09-25 - 06:26:21] 1.028
[04-09-25 - 06:26:22]  Altitude: 
[04-09-25 - 06:26:22] 1.763
[04-09-25 - 06:26:23]  Altitude: 
[04-09-25 - 06:26:23] 2.544
[04-09-25 - 06:26:24]  Altitude: 
[04-09-25 - 06:26:24] 3.295
[04-09-25 - 06:26:25]  Altitude: 
[04-09-25 - 06:26:25] 3.633
[04-09-25 - 06:26:25] Reached target altitude
[04-09-25 - 06:26:25] Waypoint:
[04-09-25 - 06:26:25] (32.72962951660156, -97.12667083740239)
[04-09-25 - 06:26:39] Waypoint:
[04-09-25 - 06:26:39] (32.72962951660155, -97.12637329101558)
[04-09-25 - 06:26:53] Waypoint:
[04-09-25 - 06:26:53] (32.729592005411774, -97.12637201944983)
[04-09-25 - 06:26:56] Waypoint:
[04-09-25 - 06:26:56] (32.72959200541179, -97.12666956583662)
[04-09-25 - 06:27:09] Waypoint:
[04-09-25 - 06:27:09] (32.72955449422201, -97.12666829427087)
[04-09-25 - 06:27:12] Waypoint:
[04-09-25 - 06:27:12] (32.72955449422199, -97.12637074788407)
[04-09-25 - 06:27:20] Found Marker, stopping
[04-09-25 - 06:27:20] Returning to Launch
[04-09-25 - 06:27:20] Close vehicle object
