[04-09-25 - 05:47:14] Waiting for serial connection...
[04-09-25 - 05:47:16] Serial connection established successfully.
[04-09-25 - 05:51:07] Closed serial connection.
[04-09-25 - 05:47:20] Search ready
[04-09-25 - 05:47:20] W:5.141332824271612H:2.520747137554955
[04-09-25 - 05:47:20] Starting Location: , (32.7296524, -97.1266563)
[04-09-25 - 05:47:20] Heading: 
[04-09-25 - 05:47:20] 279
[04-09-25 - 05:47:20] The drone is now armable
[04-09-25 - 05:47:20] The drone is not in guided mode yet
[04-09-25 - 05:47:21] The drone is now in guided mode
[04-09-25 - 05:47:21] Waiting for drone to arm: 
[04-09-25 - 05:47:21] {'STANDBY'}
[04-09-25 - 05:47:22] Waiting for drone to arm: 
[04-09-25 - 05:47:22] {'STANDBY'}
[04-09-25 - 05:47:23] The drone has now been armed
[04-09-25 - 05:47:23] Copter GPS Ready
[04-09-25 - 05:47:23] gpsfixed
[04-09-25 - 05:47:23] getting the cmds position
[04-09-25 - 05:47:24] cmds: <dronekit.CommandSequence object at 0xffff83712dd0>
[04-09-25 - 05:47:24] Mission commands:
[04-09-25 - 05:47:24] 1, 32.729400634765625, -97.1264877319336, 100.0
[04-09-25 - 05:47:24] 2, 32.729400634765625, -97.12672424316406, 100.0
[04-09-25 - 05:47:24] 3, 32.729637145996094, -97.12671661376953, 100.0
[04-09-25 - 05:47:24] 4, 32.729637145996094, -97.1264877319336, 100.0
[04-09-25 - 05:47:24] 5, 32.72951126098633, -97.12649536132812, 100.0
[04-09-25 - 05:47:24] Home Location: Latitude=32.729652404785156, Longitude=-97.12665557861328, Altitude=186.22000122070312
[04-09-25 - 05:47:24] Horiz: 22.123471499479372, Vert: 26.308530259725394 
[04-09-25 - 05:47:24] 0.00023651123046875
[04-09-25 - 05:47:24] 0.00023663425322373693
[04-09-25 - 05:47:24] [[ 32.72940063 -97.12672424]
 [ 32.72940063 -97.12648773]
 [ 32.72944794 -97.12648621]
 [ 32.72944794 -97.12672272]
 [ 32.72949524 -97.12672119]
 [ 32.72949524 -97.12648468]
 [ 32.72954254 -97.12648315]
 [ 32.72954254 -97.12671967]
 [ 32.72958984 -97.12671814]
 [ 32.72958984 -97.12648163]
 [ 32.72963715 -97.1264801 ]
 [ 32.72963715 -97.12671661]]
[04-09-25 - 05:47:24] Waypoints saved to generated_search_pattern_waypoints.csv
[04-09-25 - 05:47:24] [[1, 32.729400634765625, -97.1264877319336, 100.0], [2, 32.729400634765625, -97.12672424316406, 100.0], [3, 32.729637145996094, -97.12671661376953, 100.0], [4, 32.729637145996094, -97.1264877319336, 100.0], [5, 32.72951126098633, -97.12649536132812, 100.0]]
[04-09-25 - 05:47:24] fence: (32.729400634765625, -97.1264877319336)
[04-09-25 - 05:47:24] fence: (32.729400634765625, -97.12672424316406)
[04-09-25 - 05:47:24] fence: (32.729637145996094, -97.12671661376953)
[04-09-25 - 05:47:24] fence: (32.729637145996094, -97.1264877319336)
[04-09-25 - 05:47:29] Set default/target airspeed to 3
[04-09-25 - 05:47:29] Set default/target airspeed to 3
[04-09-25 - 05:47:29] Taking off!
[04-09-25 - 05:47:29]  Altitude: 
[04-09-25 - 05:47:29] -0.008
[04-09-25 - 05:47:30]  Altitude: 
[04-09-25 - 05:47:30] -0.008
[04-09-25 - 05:47:31]  Altitude: 
[04-09-25 - 05:47:31] 0.422
[04-09-25 - 05:47:32]  Altitude: 
[04-09-25 - 05:47:32] 1.046
[04-09-25 - 05:47:33]  Altitude: 
[04-09-25 - 05:47:33] 1.765
[04-09-25 - 05:47:34]  Altitude: 
[04-09-25 - 05:47:34] 2.52
[04-09-25 - 05:47:35]  Altitude: 
[04-09-25 - 05:47:35] 3.26
[04-09-25 - 05:47:36]  Altitude: 
[04-09-25 - 05:47:36] 3.805
[04-09-25 - 05:47:36] Reached target altitude
[04-09-25 - 05:47:36] Waypoint:
[04-09-25 - 05:47:36] (32.729637145996094, -97.12671661376953)
[04-09-25 - 05:47:40] Waypoint:
[04-09-25 - 05:47:40] (32.7296371459961, -97.12648010253908)
[04-09-25 - 05:47:51] Waypoint:
[04-09-25 - 05:47:51] (32.729589843750006, -97.12648162841798)
[04-09-25 - 05:47:54] Waypoint:
[04-09-25 - 05:47:54] (32.72958984375, -97.12671813964843)
[04-09-25 - 05:48:05] Waypoint:
[04-09-25 - 05:48:05] (32.7295425415039, -97.12671966552733)
[04-09-25 - 05:51:07] Process Process-1:

[04-09-25 - 05:51:07] Traceback (most recent call last):

[04-09-25 - 05:51:07]   File "/usr/lib/python3.10/multiprocessing/process.py", line 314, in _bootstrap
    self.run()

[04-09-25 - 05:51:07]   File "/usr/lib/python3.10/multiprocessing/process.py", line 108, in run
    self._target(*self._args, **self._kwargs)

[04-09-25 - 05:51:07]   File "/home/enorda/DroneCodeRepo/drone/DroneCode/IntegratedUAVcode.py", line 202, in drone_control
    flyInSearchPattern(vehicle, location_queue, isMarkerFound, distance_to_marker_queue)

[04-09-25 - 05:51:07]   File "/home/enorda/DroneCodeRepo/drone/DroneCode/DroneProcess.py", line 184, in flyInSearchPattern
    while(equirectangular_approximation(getCurrentLocation(vehicle),currentWP) > .5):

[04-09-25 - 05:51:07]   File "/home/enorda/DroneCodeRepo/drone/DroneCode/DroneProcess.py", line 90, in getCurrentLocation
    def getCurrentLocation(vehicle):

[04-09-25 - 05:51:07] KeyboardInterrupt

[04-09-25 - 05:51:07] Process Process-4:

[04-09-25 - 05:51:07] Traceback (most recent call last):

[04-09-25 - 05:51:07]   File "/usr/lib/python3.10/multiprocessing/process.py", line 314, in _bootstrap
    self.run()

[04-09-25 - 05:51:07]   File "/usr/lib/python3.10/multiprocessing/process.py", line 108, in run
    self._target(*self._args, **self._kwargs)

[04-09-25 - 05:51:07]   File "/home/enorda/DroneCodeRepo/drone/DroneCode/IntegratedUAVcode.py", line 334, in comms
    time.sleep(1)  # Wait before sending the next message

[04-09-25 - 05:51:07] KeyboardInterrupt

[04-09-25 - 05:51:07] Traceback (most recent call last):

[04-09-25 - 05:51:07]   File "/home/enorda/DroneCodeRepo/drone/DroneCode/IntegratedUAVcode.py", line 387, in <module>

[04-09-25 - 05:51:07] camera_process.join()
[04-09-25 - 05:51:07]   File "/usr/lib/python3.10/multiprocessing/process.py", line 149, in join

[04-09-25 - 05:51:07] res = self._popen.wait(timeout)
[04-09-25 - 05:51:07]   File "/usr/lib/python3.10/multiprocessing/popen_fork.py", line 43, in wait

[04-09-25 - 05:51:07] return self.poll(os.WNOHANG if timeout == 0.0 else 0)
[04-09-25 - 05:51:07]   File "/usr/lib/python3.10/multiprocessing/popen_fork.py", line 27, in poll

[04-09-25 - 05:51:07] pid, sts = os.waitpid(self.pid, flag)
[04-09-25 - 05:51:07] KeyboardInterrupt
[04-09-25 - 05:47:16] Comms Ready
[04-09-25 - 05:51:07] Process Process-3:

[04-09-25 - 05:51:07] Traceback (most recent call last):

[04-09-25 - 05:51:07]   File "/usr/lib/python3.10/multiprocessing/process.py", line 314, in _bootstrap
    self.run()

[04-09-25 - 05:51:07]   File "/usr/lib/python3.10/multiprocessing/process.py", line 108, in run
    self._target(*self._args, **self._kwargs)

[04-09-25 - 05:51:07]   File "/home/enorda/DroneCodeRepo/drone/DroneCode/IntegratedUAVcode.py", line 221, in search_algorithm
    if not marker_queue.empty():

[04-09-25 - 05:51:07]   File "/usr/lib/python3.10/multiprocessing/queues.py", line 129, in empty
    return not self._poll()

[04-09-25 - 05:51:07]   File "/usr/lib/python3.10/multiprocessing/connection.py", line 257, in poll
    return self._poll(timeout)

[04-09-25 - 05:51:07]   File "/usr/lib/python3.10/multiprocessing/connection.py", line 424, in _poll
    r = wait([self], timeout)

[04-09-25 - 05:51:07]   File "/usr/lib/python3.10/multiprocessing/connection.py", line 931, in wait
    ready = selector.select(timeout)

[04-09-25 - 05:51:07]   File "/usr/lib/python3.10/selectors.py", line 416, in select
    fd_event_list = self._selector.poll(timeout)

[04-09-25 - 05:51:07] KeyboardInterrupt

[04-09-25 - 05:47:16] Initializing camera...
[04-09-25 - 05:47:22] Camera initialized
[04-09-25 - 05:47:36] Saving video to: /home/enorda/DroneCodeRepo/drone/DroneCode/Recording Folder/04-09-25 05:47 Record_while_flying.avi
[04-09-25 - 05:47:36] Camera ready
[04-09-25 - 05:51:07] Process Process-2:

[04-09-25 - 05:51:07] Traceback (most recent call last):

[04-09-25 - 05:51:07]   File "/usr/lib/python3.10/multiprocessing/process.py", line 314, in _bootstrap
    self.run()

[04-09-25 - 05:51:07]   File "/usr/lib/python3.10/multiprocessing/process.py", line 108, in run
    self._target(*self._args, **self._kwargs)

[04-09-25 - 05:51:07]   File "/home/enorda/DroneCodeRepo/drone/DroneCode/IntegratedUAVcode.py", line 255, in camera_run
    camera_position, processed_frame = detect_markers(frame, marker_queue, camera_matrix, dist_coeffs, MARKER_ID)

[04-09-25 - 05:51:07]   File "/home/enorda/DroneCodeRepo/drone/DroneCode/CameraProcess.py", line 153, in detect_markers
    gray = cv2.cvtColor(gray, cv2.COLOR_LAB2BGR)

[04-09-25 - 05:51:07] KeyboardInterrupt

[04-09-25 - 05:51:08] Exception ignored in atexit callback
[04-09-25 - 05:51:08] : 
[04-09-25 - 05:51:08] <function _exit_function at 0xffff836d3f40>
[04-09-25 - 05:51:08] Traceback (most recent call last):

[04-09-25 - 05:51:08]   File "/usr/lib/python3.10/multiprocessing/util.py", line 357, in _exit_function

[04-09-25 - 05:51:08] p.join()
[04-09-25 - 05:51:08]   File "/usr/lib/python3.10/multiprocessing/process.py", line 149, in join

[04-09-25 - 05:51:08] res = self._popen.wait(timeout)
[04-09-25 - 05:51:08]   File "/usr/lib/python3.10/multiprocessing/popen_fork.py", line 43, in wait

[04-09-25 - 05:51:08] return self.poll(os.WNOHANG if timeout == 0.0 else 0)
[04-09-25 - 05:51:08]   File "/usr/lib/python3.10/multiprocessing/popen_fork.py", line 27, in poll

[04-09-25 - 05:51:08] pid, sts = os.waitpid(self.pid, flag)
[04-09-25 - 05:51:08] KeyboardInterrupt
[04-09-25 - 05:51:08] : 
