[04-09-25 - 06:14:40] Waiting for serial connection...
[04-09-25 - 06:14:42] Serial connection established successfully.
[04-09-25 - 06:14:46] Search ready
[04-09-25 - 06:14:46] W:5.141332824271612H:2.520747137554955
[04-09-25 - 06:14:46] Starting Location: , (32.7293784, -97.1266319)
[04-09-25 - 06:14:46] Heading: 
[04-09-25 - 06:14:46] 82
[04-09-25 - 06:14:46] The drone is now armable
[04-09-25 - 06:14:46] The drone is not in guided mode yet
[04-09-25 - 06:14:47] The drone is now in guided mode
[04-09-25 - 06:14:47] Waiting for drone to arm: 
[04-09-25 - 06:14:47] {'STANDBY'}
[04-09-25 - 06:14:48] Waiting for drone to arm: 
[04-09-25 - 06:14:48] {'STANDBY'}
[04-09-25 - 06:14:49] The drone has now been armed
[04-09-25 - 06:14:49] Copter GPS Ready
[04-09-25 - 06:14:49] gpsfixed
[04-09-25 - 06:14:49] getting the cmds position
[04-09-25 - 06:14:49] cmds: <dronekit.CommandSequence object at 0xffffa7332c80>
[04-09-25 - 06:14:49] Mission commands:
[04-09-25 - 06:14:49] 1, 32.72940444946289, -97.12666320800781, 100.0
[04-09-25 - 06:14:49] 2, 32.72940444946289, -97.1263656616211, 100.0
[04-09-25 - 06:14:49] 3, 32.72962951660156, -97.12637329101562, 100.0
[04-09-25 - 06:14:49] 4, 32.7296257019043, -97.12666320800781, 100.0
[04-09-25 - 06:14:49] 5, 32.72970199584961, -97.12651824951172, 100.0
[04-09-25 - 06:14:49] Home Location: Latitude=32.72937774658203, Longitude=-97.12663269042969, Altitude=184.5399932861328
[04-09-25 - 06:14:49] Horiz: 27.832753275896966, Vert: 25.03649738839958 
[04-09-25 - 06:14:49] 0.00029754638671875
[04-09-25 - 06:14:49] 0.0002251964133170386
[04-09-25 - 06:14:49] [[ 32.72940445 -97.12636566]
 [ 32.72940445 -97.12666321]
 [ 32.72944196 -97.12666448]
 [ 32.72944196 -97.12636693]
 [ 32.72947947 -97.1263682 ]
 [ 32.72947947 -97.12666575]
 [ 32.72951698 -97.12666702]
 [ 32.72951698 -97.12636948]
 [ 32.72955449 -97.12637075]
 [ 32.72955449 -97.12666829]
 [ 32.72959201 -97.12666957]
 [ 32.72959201 -97.12637202]
 [ 32.72962952 -97.12637329]
 [ 32.72962952 -97.12667084]]
[04-09-25 - 06:14:49] Waypoints saved to generated_search_pattern_waypoints.csv
[04-09-25 - 06:14:49] [[1, 32.72940444946289, -97.12666320800781, 100.0], [2, 32.72940444946289, -97.1263656616211, 100.0], [3, 32.72962951660156, -97.12637329101562, 100.0], [4, 32.7296257019043, -97.12666320800781, 100.0], [5, 32.72970199584961, -97.12651824951172, 100.0]]
[04-09-25 - 06:14:49] fence: (32.72940444946289, -97.12666320800781)
[04-09-25 - 06:14:49] fence: (32.72940444946289, -97.1263656616211)
[04-09-25 - 06:14:49] fence: (32.72962951660156, -97.12637329101562)
[04-09-25 - 06:14:49] fence: (32.7296257019043, -97.12666320800781)
[04-09-25 - 06:14:54] Set default/target airspeed to 3
[04-09-25 - 06:14:54] Set default/target airspeed to 3
[04-09-25 - 06:14:54] Taking off!
[04-09-25 - 06:14:54]  Altitude: 
[04-09-25 - 06:14:54] -0.004
[04-09-25 - 06:14:55]  Altitude: 
[04-09-25 - 06:14:55] 0.005
[04-09-25 - 06:14:56]  Altitude: 
[04-09-25 - 06:14:56] 0.444
[04-09-25 - 06:14:57]  Altitude: 
[04-09-25 - 06:14:57] 1.085
[04-09-25 - 06:14:58]  Altitude: 
[04-09-25 - 06:14:58] 1.79
[04-09-25 - 06:14:59]  Altitude: 
[04-09-25 - 06:14:59] 2.561
[04-09-25 - 06:15:00]  Altitude: 
[04-09-25 - 06:15:00] 3.331
[04-09-25 - 06:15:01]  Altitude: 
[04-09-25 - 06:15:01] 3.752
[04-09-25 - 06:15:01] Reached target altitude
[04-09-25 - 06:15:01] Waypoint:
[04-09-25 - 06:15:01] (32.72962951660156, -97.12667083740239)
[04-09-25 - 06:15:15] Waypoint:
[04-09-25 - 06:15:15] (32.72962951660155, -97.12637329101558)
[04-09-25 - 06:15:29] Waypoint:
[04-09-25 - 06:15:29] (32.729592005411774, -97.12637201944983)
[04-09-25 - 06:15:32] Waypoint:
[04-09-25 - 06:15:32] (32.72959200541179, -97.12666956583662)
[04-09-25 - 06:15:45] Waypoint:
[04-09-25 - 06:15:45] (32.72955449422201, -97.12666829427087)
[04-09-25 - 06:15:48] Waypoint:
[04-09-25 - 06:15:48] (32.72955449422199, -97.12637074788407)
[04-09-25 - 06:15:56] Found Marker, stopping
[04-09-25 - 06:15:56] Returning to Launch
[04-09-25 - 06:15:56] Close vehicle object
[04-09-25 - 06:25:53] Closed serial connection.
[04-09-25 - 06:14:42] Comms Ready
[04-09-25 - 06:25:53] Process Process-3:

[04-09-25 - 06:25:53] Traceback (most recent call last):

[04-09-25 - 06:25:53]   File "/usr/lib/python3.10/multiprocessing/process.py", line 314, in _bootstrap
    self.run()

[04-09-25 - 06:25:53]   File "/usr/lib/python3.10/multiprocessing/process.py", line 108, in run
    self._target(*self._args, **self._kwargs)

[04-09-25 - 06:25:53]   File "/home/enorda/DroneCodeRepo/drone/DroneCode/IntegratedUAVcode.py", line 221, in search_algorithm
    if not marker_queue.empty():

[04-09-25 - 06:25:53]   File "/usr/lib/python3.10/multiprocessing/queues.py", line 128, in empty
    def empty(self):

[04-09-25 - 06:25:53] KeyboardInterrupt

[04-09-25 - 06:15:56] Sent: [32.7295534, -97.1265065]

[04-09-25 - 06:15:56] Received: MSG_OK :: Sent: [32.7295534, -97.1265065]
[04-09-25 - 06:25:53] Process Process-4:

[04-09-25 - 06:25:53] Traceback (most recent call last):

[04-09-25 - 06:25:53]   File "/usr/lib/python3.10/multiprocessing/process.py", line 314, in _bootstrap
    self.run()

[04-09-25 - 06:25:53]   File "/usr/lib/python3.10/multiprocessing/process.py", line 108, in run
    self._target(*self._args, **self._kwargs)

[04-09-25 - 06:25:53]   File "/home/enorda/DroneCodeRepo/drone/DroneCode/IntegratedUAVcode.py", line 334, in comms
    time.sleep(1)  # Wait before sending the next message

[04-09-25 - 06:25:53] KeyboardInterrupt

[04-09-25 - 06:25:53] Traceback (most recent call last):

[04-09-25 - 06:25:53]   File "/home/enorda/DroneCodeRepo/drone/DroneCode/IntegratedUAVcode.py", line 387, in <module>

[04-09-25 - 06:25:53] camera_process.join()
[04-09-25 - 06:25:53]   File "/usr/lib/python3.10/multiprocessing/process.py", line 149, in join

[04-09-25 - 06:25:53] res = self._popen.wait(timeout)
[04-09-25 - 06:25:53]   File "/usr/lib/python3.10/multiprocessing/popen_fork.py", line 43, in wait

[04-09-25 - 06:25:53] return self.poll(os.WNOHANG if timeout == 0.0 else 0)
[04-09-25 - 06:25:53]   File "/usr/lib/python3.10/multiprocessing/popen_fork.py", line 27, in poll

[04-09-25 - 06:25:53] pid, sts = os.waitpid(self.pid, flag)
[04-09-25 - 06:25:53] KeyboardInterrupt
[04-09-25 - 06:25:53] Exception ignored in atexit callback
[04-09-25 - 06:25:53] : 
[04-09-25 - 06:25:53] <function _exit_function at 0xffffa72f3f40>
[04-09-25 - 06:25:53] Traceback (most recent call last):

[04-09-25 - 06:25:53]   File "/usr/lib/python3.10/multiprocessing/util.py", line 357, in _exit_function

[04-09-25 - 06:25:53] p.join()
[04-09-25 - 06:25:53]   File "/usr/lib/python3.10/multiprocessing/process.py", line 149, in join

[04-09-25 - 06:25:53] res = self._popen.wait(timeout)
[04-09-25 - 06:25:53]   File "/usr/lib/python3.10/multiprocessing/popen_fork.py", line 43, in wait

[04-09-25 - 06:25:53] return self.poll(os.WNOHANG if timeout == 0.0 else 0)
[04-09-25 - 06:25:53]   File "/usr/lib/python3.10/multiprocessing/popen_fork.py", line 27, in poll

[04-09-25 - 06:25:53] pid, sts = os.waitpid(self.pid, flag)
[04-09-25 - 06:25:53] KeyboardInterrupt
[04-09-25 - 06:25:53] : 
