[04-09-25 - 06:00:16] Waiting for serial connection...
[04-09-25 - 06:00:18] Serial connection established successfully.
[04-09-25 - 06:00:22] Search ready
[04-09-25 - 06:00:22] W:5.141332824271612H:2.520747137554955
[04-09-25 - 06:00:22] Starting Location: , (32.7293882, -97.126636)
[04-09-25 - 06:00:22] Heading: 
[04-09-25 - 06:00:22] 75
[04-09-25 - 06:00:22] The drone is now armable
[04-09-25 - 06:00:22] The drone is not in guided mode yet
[04-09-25 - 06:00:23] The drone is now in guided mode
[04-09-25 - 06:00:23] Waiting for drone to arm: 
[04-09-25 - 06:00:23] {'STANDBY'}
[04-09-25 - 06:00:24] Waiting for drone to arm: 
[04-09-25 - 06:00:24] {'STANDBY'}
[04-09-25 - 06:00:25] The drone has now been armed
[04-09-25 - 06:00:25] Copter GPS Ready
[04-09-25 - 06:00:25] gpsfixed
[04-09-25 - 06:00:25] getting the cmds position
[04-09-25 - 06:00:25] cmds: <dronekit.CommandSequence object at 0xffff77c42c80>
[04-09-25 - 06:00:25] Mission commands:
[04-09-25 - 06:00:25] 1, 32.72940444946289, -97.12637329101562, 100.0
[04-09-25 - 06:00:25] 2, 32.72940444946289, -97.12665557861328, 100.0
[04-09-25 - 06:00:25] 3, 32.729637145996094, -97.12664794921875, 100.0
[04-09-25 - 06:00:25] 4, 32.72963333129883, -97.1263656616211, 100.0
[04-09-25 - 06:00:25] 5, 32.72970199584961, -97.12651824951172, 100.0
[04-09-25 - 06:00:25] Home Location: Latitude=32.72938919067383, Longitude=-97.12664031982422, Altitude=183.33999633789062
[04-09-25 - 06:00:25] Horiz: 26.405432595417388, Vert: 25.884513927028898 
[04-09-25 - 06:00:25] 0.00028228759765625
[04-09-25 - 06:00:25] 0.00023282157165019422
[04-09-25 - 06:00:25] [[ 32.72940445 -97.12665558]
 [ 32.72940445 -97.12637329]
 [ 32.72944323 -97.12637202]
 [ 32.72944323 -97.12665431]
 [ 32.72948201 -97.12665304]
 [ 32.72948201 -97.12637075]
 [ 32.7295208  -97.12636948]
 [ 32.7295208  -97.12665176]
 [ 32.72955958 -97.12665049]
 [ 32.72955958 -97.1263682 ]
 [ 32.72959836 -97.12636693]
 [ 32.72959836 -97.12664922]
 [ 32.72963715 -97.12664795]
 [ 32.72963715 -97.12636566]]
[04-09-25 - 06:00:25] Waypoints saved to generated_search_pattern_waypoints.csv
[04-09-25 - 06:00:25] [[1, 32.72940444946289, -97.12637329101562, 100.0], [2, 32.72940444946289, -97.12665557861328, 100.0], [3, 32.729637145996094, -97.12664794921875, 100.0], [4, 32.72963333129883, -97.1263656616211, 100.0], [5, 32.72970199584961, -97.12651824951172, 100.0]]
[04-09-25 - 06:00:25] fence: (32.72940444946289, -97.12637329101562)
[04-09-25 - 06:00:25] fence: (32.72940444946289, -97.12665557861328)
[04-09-25 - 06:00:25] fence: (32.729637145996094, -97.12664794921875)
[04-09-25 - 06:00:25] fence: (32.72963333129883, -97.1263656616211)
[04-09-25 - 06:00:31] Set default/target airspeed to 3
[04-09-25 - 06:00:31] Set default/target airspeed to 3
[04-09-25 - 06:00:31] Taking off!
[04-09-25 - 06:00:31]  Altitude: 
[04-09-25 - 06:00:31] -0.016
[04-09-25 - 06:00:32]  Altitude: 
[04-09-25 - 06:00:32] 0.009
[04-09-25 - 06:00:33]  Altitude: 
[04-09-25 - 06:00:33] 0.403
[04-09-25 - 06:00:34]  Altitude: 
[04-09-25 - 06:00:34] 1.094
[04-09-25 - 06:00:35]  Altitude: 
[04-09-25 - 06:00:35] 1.826
[04-09-25 - 06:00:36]  Altitude: 
[04-09-25 - 06:00:36] 2.612
[04-09-25 - 06:00:37]  Altitude: 
[04-09-25 - 06:00:37] 3.362
[04-09-25 - 06:00:38]  Altitude: 
[04-09-25 - 06:00:38] 3.851
[04-09-25 - 06:00:38] Reached target altitude
[04-09-25 - 06:00:38] Waypoint:
[04-09-25 - 06:00:38] (32.7296371459961, -97.12636566162114)
[04-09-25 - 06:00:48] Found Marker, stopping
[04-09-25 - 06:00:48] Returning to Launch
[04-09-25 - 06:00:48] Close vehicle object
