2025-03-10 16:18:27,862 - AVC - Arming Drone
2025-03-10 16:18:31,957 - AVC - UAV START: TAKING OFF
2025-03-10 16:18:38,975 - AVC - Received from Jetson: [32.9937529, -96.7538144]0

2025-03-10 16:18:39,978 - AVC - Received from Jetson: [32.9937526, -96.7538141]0

2025-03-10 16:18:40,980 - AVC - Received from Jetson: [32.9937526, -96.7538141]0

2025-03-10 16:18:41,983 - AVC - Received from Jetson: [32.9937526, -96.7538141]0

2025-03-10 16:18:42,984 - AVC - Received from Jetson: [32.9937526, -96.7538141]0

2025-03-10 16:18:43,986 - AVC - Received from Jetson: [32.9937526, -96.7538141]0

2025-03-10 16:18:44,989 - AVC - Received from Jetson: [32.9937526, -96.7538141]0

2025-03-10 16:18:45,991 - AVC - Received from Jetson: [32.9937526, -96.7538141]0

2025-03-10 16:18:46,993 - AVC - Received from Jetson: [32.9937526, -96.7538141]0

2025-03-10 16:18:47,995 - AVC - Received from Jetson: [32.9937526, -96.7538141]0

2025-03-10 16:18:48,997 - AVC - Received from Jetson: [32.9937526, -96.7538141]0

2025-03-10 16:18:49,999 - AVC - Received from Jetson: [32.9937526, -96.7538141]0

2025-03-10 16:18:51,000 - AVC - Received from Jetson: [32.9937526, -96.7538141]0

2025-03-10 16:18:52,001 - AVC - Received from Jetson: [32.9937526, -96.7538141]0

2025-03-10 16:18:53,003 - AVC - Received from Jetson: [32.9937526, -96.7538141]0

2025-03-10 16:18:54,005 - AVC - Received from Jetson: [32.9937526, -96.7538141]0

2025-03-10 16:18:55,007 - AVC - Received from Jetson: [32.9937526, -96.7538141]0

2025-03-10 16:18:56,008 - AVC - Received from Jetson: [32.9937526, -96.7538141]0

2025-03-10 16:18:57,011 - AVC - Received from Jetson: [32.9937526, -96.7538141]0

2025-03-10 16:18:58,013 - AVC - Received from Jetson: [32.9937526, -96.7538141]0

2025-03-10 16:18:59,015 - AVC - Received from Jetson: [32.9937526, -96.7538141]0

2025-03-10 16:19:00,017 - AVC - Received from Jetson: [32.9937526, -96.7538141]0

2025-03-10 16:19:01,019 - AVC - Received from Jetson: [32.9937526, -96.7538141]0

2025-03-10 16:19:02,021 - AVC - Received from Jetson: [32.9937526, -96.7538141]0

2025-03-10 16:19:03,023 - AVC - Received from Jetson: [32.9937526, -96.7538141]0

2025-03-10 16:19:04,221 - AVC - Received from Jetson: [32.9937526, -96.7538141]0

2025-03-10 16:19:05,224 - AVC - Received from Jetson: [32.9937526, -96.7538141]0

2025-03-10 16:19:06,226 - AVC - Received from Jetson: [32.9937526, -96.7538141]0

2025-03-10 16:19:07,228 - AVC - Received from Jetson: [32.9937526, -96.7538141]0

2025-03-10 16:19:08,231 - AVC - Received from Jetson: [32.9937526, -96.7538141]0

2025-03-10 16:19:09,233 - AVC - Received from Jetson: [32.9937526, -96.7538141]0

2025-03-10 16:19:10,235 - AVC - Received from Jetson: [32.9937526, -96.7538141]0

2025-03-10 16:19:11,237 - AVC - Received from Jetson: [32.9937526, -96.7538141]0

2025-03-10 16:19:12,240 - AVC - Received from Jetson: [32.9937526, -96.7538141]0

2025-03-10 16:19:13,242 - AVC - Received from Jetson: [32.9937526, -96.7538141]0

2025-03-10 16:19:14,247 - AVC - Received from Jetson: [32.9937526, -96.7538141]0

2025-03-10 16:19:15,248 - AVC - Received from Jetson: [32.9937526, -96.7538141]0

2025-03-10 16:19:16,250 - AVC - Received from Jetson: [32.9937526, -96.7538141]0

2025-03-10 16:19:17,253 - AVC - Received from Jetson: [32.9937526, -96.7538141]0

2025-03-10 16:19:18,255 - AVC - Received from Jetson: [32.9937526, -96.7538141]0

2025-03-10 16:19:19,261 - AVC - Received from Jetson: [32.9937526, -96.7538141]0

2025-03-10 16:19:20,263 - AVC - Received from Jetson: [32.9937526, -96.7538141]0

2025-03-10 16:19:21,265 - AVC - Received from Jetson: [32.9937526, -96.7538141]0

2025-03-10 16:19:22,267 - AVC - Received from Jetson: [32.9937526, -96.7538141]0

2025-03-10 16:19:23,268 - AVC - Received from Jetson: [32.9937526, -96.7538141]0

2025-03-10 16:19:24,271 - AVC - Received from Jetson: [32.9937526, -96.7538141]0

2025-03-10 16:19:25,273 - AVC - Received from Jetson: [32.9937526, -96.7538141]0

2025-03-10 16:19:26,275 - AVC - Received from Jetson: [32.9937526, -96.7538141]0

2025-03-10 16:19:27,276 - AVC - Received from Jetson: [32.9937526, -96.7538141]0

2025-03-10 16:19:28,277 - AVC - Received from Jetson: [32.9937526, -96.7538141]0

2025-03-10 16:19:29,281 - AVC - Received from Jetson: [32.9937526, -96.7538141]0

2025-03-10 16:19:30,283 - AVC - Received from Jetson: [32.9937526, -96.7538141]0

2025-03-10 16:19:31,285 - AVC - Received from Jetson: [32.9937526, -96.7538141]0

2025-03-10 16:19:32,287 - AVC - Received from Jetson: [32.9937526, -96.7538141]0

2025-03-10 16:19:33,289 - AVC - Received from Jetson: [32.9937526, -96.7538141]0

2025-03-10 16:19:35,075 - AVC - Received from Jetson: [32.9937526, -96.7538141]0

2025-03-10 16:19:36,077 - AVC - Received from Jetson: [32.9937526, -96.7538141]0

2025-03-10 16:19:37,079 - AVC - Received from Jetson: [32.9937526, -96.7538141]0

2025-03-10 16:19:37,079 - AVC - ArUco Marker Found At [32.9937526, -96.7538141]
2025-03-10 16:19:38,082 - AVC - Received from Jetson: [32.9937526, -96.7538141]1

2025-03-10 16:19:38,082 - AVC - ArUco Marker Found At [32.9937526, -96.7538141]
2025-03-10 16:19:39,084 - AVC - Received from Jetson: [32.9937526, -96.7538141]1

2025-03-10 16:19:39,084 - AVC - ArUco Marker Found At [32.9937526, -96.7538141]
2025-03-10 16:19:40,085 - AVC - Received from Jetson: [32.9937526, -96.7538141]1

2025-03-10 16:19:40,086 - AVC - ArUco Marker Found At [32.9937526, -96.7538141]
2025-03-10 16:19:41,087 - AVC - Received from Jetson: [32.9937526, -96.7538141]1

2025-03-10 16:19:41,087 - AVC - ArUco Marker Found At [32.9937526, -96.7538141]
2025-03-10 16:19:42,089 - AVC - Received from Jetson: [32.9937526, -96.7538141]1

2025-03-10 16:19:42,089 - AVC - ArUco Marker Found At [32.9937526, -96.7538141]
2025-03-10 16:19:43,091 - AVC - Received from Jetson: [32.9937526, -96.7538141]1

2025-03-10 16:19:43,091 - AVC - ArUco Marker Found At [32.9937526, -96.7538141]
2025-03-10 16:19:44,092 - AVC - Received from Jetson: [32.9937526, -96.7538141]1

2025-03-10 16:19:44,093 - AVC - ArUco Marker Found At [32.9937526, -96.7538141]
2025-03-10 16:19:45,094 - AVC - Received from Jetson: [32.9937526, -96.7538141]1

2025-03-10 16:19:45,094 - AVC - ArUco Marker Found At [32.9937526, -96.7538141]
2025-03-10 16:19:46,095 - AVC - Received from Jetson: [32.9937526, -96.7538141]1

2025-03-10 16:19:46,095 - AVC - ArUco Marker Found At [32.9937526, -96.7538141]
2025-03-10 16:19:47,098 - AVC - Received from Jetson: [32.9937526, -96.7538141]1

2025-03-10 16:19:47,101 - AVC - ArUco Marker Found At [32.9937526, -96.7538141]
2025-03-10 16:19:48,103 - AVC - Received from Jetson: [32.9937526, -96.7538141]1

2025-03-10 16:19:48,103 - AVC - ArUco Marker Found At [32.9937526, -96.7538141]
2025-03-10 16:19:49,105 - AVC - Received from Jetson: [32.9937526, -96.7538141]1

2025-03-10 16:19:49,106 - AVC - ArUco Marker Found At [32.9937526, -96.7538141]
2025-03-10 16:19:50,108 - AVC - Received from Jetson: [32.9937526, -96.7538141]1

2025-03-10 16:19:50,108 - AVC - ArUco Marker Found At [32.9937526, -96.7538141]
2025-03-10 16:19:51,110 - AVC - Received from Jetson: [32.9937526, -96.7538141]1

2025-03-10 16:19:51,110 - AVC - ArUco Marker Found At [32.9937526, -96.7538141]
2025-03-10 16:19:52,111 - AVC - Received from Jetson: [32.9937526, -96.7538141]1

2025-03-10 16:19:52,112 - AVC - ArUco Marker Found At [32.9937526, -96.7538141]
2025-03-10 16:19:53,113 - AVC - Received from Jetson: [32.9937526, -96.7538141]1

2025-03-10 16:19:53,113 - AVC - ArUco Marker Found At [32.9937526, -96.7538141]
2025-03-10 16:19:54,115 - AVC - Received from Jetson: [32.9937526, -96.7538141]1

2025-03-10 16:19:54,115 - AVC - ArUco Marker Found At [32.9937526, -96.7538141]
2025-03-10 16:19:55,117 - AVC - Received from Jetson: [32.9937526, -96.7538141]1

2025-03-10 16:19:55,117 - AVC - ArUco Marker Found At [32.9937526, -96.7538141]
2025-03-10 16:19:56,119 - AVC - Received from Jetson: [32.9937526, -96.7538141]1

2025-03-10 16:19:56,119 - AVC - ArUco Marker Found At [32.9937526, -96.7538141]
2025-03-10 16:19:57,121 - AVC - Received from Jetson: [32.9937526, -96.7538141]1

2025-03-10 16:19:57,122 - AVC - ArUco Marker Found At [32.9937526, -96.7538141]
2025-03-10 16:19:58,123 - AVC - Received from Jetson: [32.9937526, -96.7538141]1

2025-03-10 16:19:58,123 - AVC - ArUco Marker Found At [32.9937526, -96.7538141]
2025-03-10 16:19:59,125 - AVC - Received from Jetson: [32.9937526, -96.7538141]1

2025-03-10 16:19:59,126 - AVC - ArUco Marker Found At [32.9937526, -96.7538141]
2025-03-10 16:20:00,127 - AVC - Received from Jetson: [32.9937526, -96.7538141]1

2025-03-10 16:20:00,128 - AVC - ArUco Marker Found At [32.9937526, -96.7538141]
2025-03-10 16:20:01,130 - AVC - Received from Jetson: [32.9937526, -96.7538141]1

2025-03-10 16:20:01,130 - AVC - ArUco Marker Found At [32.9937526, -96.7538141]
2025-03-10 16:20:02,132 - AVC - Received from Jetson: [32.9937526, -96.7538141]1

2025-03-10 16:20:02,132 - AVC - ArUco Marker Found At [32.9937526, -96.7538141]
2025-03-10 16:20:03,134 - AVC - Received from Jetson: [32.9937526, -96.7538141]1

2025-03-10 16:20:03,135 - AVC - ArUco Marker Found At [32.9937526, -96.7538141]
2025-03-10 16:20:04,137 - AVC - Received from Jetson: [32.9937526, -96.7538141]1

2025-03-10 16:20:04,137 - AVC - ArUco Marker Found At [32.9937526, -96.7538141]
2025-03-10 16:20:05,140 - AVC - Received from Jetson: [32.9937526, -96.7538141]1

2025-03-10 16:20:05,140 - AVC - ArUco Marker Found At [32.9937526, -96.7538141]
2025-03-10 16:20:06,141 - AVC - Received from Jetson: [32.9937526, -96.7538141]1

2025-03-10 16:20:06,142 - AVC - ArUco Marker Found At [32.9937526, -96.7538141]
2025-03-10 16:20:07,143 - AVC - Received from Jetson: [32.9937526, -96.7538141]1

2025-03-10 16:20:07,143 - AVC - ArUco Marker Found At [32.9937526, -96.7538141]
2025-03-10 16:20:08,145 - AVC - Received from Jetson: [32.9937526, -96.7538141]1

2025-03-10 16:20:08,146 - AVC - ArUco Marker Found At [32.9937526, -96.7538141]
2025-03-10 16:20:09,147 - AVC - Received from Jetson: [32.9937526, -96.7538141]1

2025-03-10 16:20:09,147 - AVC - ArUco Marker Found At [32.9937526, -96.7538141]
2025-03-10 16:20:10,149 - AVC - Received from Jetson: [32.9937526, -96.7538141]1

2025-03-10 16:20:10,149 - AVC - ArUco Marker Found At [32.9937526, -96.7538141]
2025-03-10 16:20:11,151 - AVC - Received from Jetson: [32.9937526, -96.7538141]1

2025-03-10 16:20:11,152 - AVC - ArUco Marker Found At [32.9937526, -96.7538141]
2025-03-10 16:20:12,153 - AVC - Received from Jetson: [32.9937526, -96.7538141]1

2025-03-10 16:20:12,153 - AVC - ArUco Marker Found At [32.9937526, -96.7538141]
2025-03-10 16:20:13,155 - AVC - Received from Jetson: [32.9937526, -96.7538141]1

2025-03-10 16:20:13,155 - AVC - ArUco Marker Found At [32.9937526, -96.7538141]
2025-03-10 16:20:14,157 - AVC - Received from Jetson: [32.9937526, -96.7538141]1

2025-03-10 16:20:14,158 - AVC - ArUco Marker Found At [32.9937526, -96.7538141]
2025-03-10 16:20:15,159 - AVC - Received from Jetson: [32.9937526, -96.7538141]1

2025-03-10 16:20:15,159 - AVC - ArUco Marker Found At [32.9937526, -96.7538141]
2025-03-10 16:20:16,161 - AVC - Received from Jetson: [32.9937526, -96.7538141]1

2025-03-10 16:20:16,162 - AVC - ArUco Marker Found At [32.9937526, -96.7538141]
2025-03-10 16:20:17,163 - AVC - Received from Jetson: [32.9937526, -96.7538141]1

2025-03-10 16:20:17,163 - AVC - ArUco Marker Found At [32.9937526, -96.7538141]
2025-03-10 16:20:18,165 - AVC - Received from Jetson: [32.9937526, -96.7538141]1

2025-03-10 16:20:18,166 - AVC - ArUco Marker Found At [32.9937526, -96.7538141]
2025-03-10 16:20:19,167 - AVC - Received from Jetson: [32.9937526, -96.7538141]1

2025-03-10 16:20:19,168 - AVC - ArUco Marker Found At [32.9937526, -96.7538141]
2025-03-10 16:20:20,169 - AVC - Received from Jetson: [32.9937526, -96.7538141]1

2025-03-10 16:20:20,169 - AVC - ArUco Marker Found At [32.9937526, -96.7538141]
2025-03-10 16:20:21,171 - AVC - Received from Jetson: [32.9937526, -96.7538141]1

2025-03-10 16:20:21,171 - AVC - ArUco Marker Found At [32.9937526, -96.7538141]
2025-03-10 16:20:22,173 - AVC - Received from Jetson: [32.9937526, -96.7538141]1

2025-03-10 16:20:22,174 - AVC - ArUco Marker Found At [32.9937526, -96.7538141]
2025-03-10 16:20:23,175 - AVC - Received from Jetson: [32.9937526, -96.7538141]1

2025-03-10 16:20:23,175 - AVC - ArUco Marker Found At [32.9937526, -96.7538141]
2025-03-10 16:20:24,176 - AVC - Received from Jetson: [32.9937526, -96.7538141]1

2025-03-10 16:20:24,177 - AVC - ArUco Marker Found At [32.9937526, -96.7538141]
2025-03-10 16:20:25,178 - AVC - Received from Jetson: [32.9937526, -96.7538141]1

2025-03-10 16:20:25,179 - AVC - ArUco Marker Found At [32.9937526, -96.7538141]
2025-03-10 16:20:26,181 - AVC - Received from Jetson: [32.9937526, -96.7538141]1

2025-03-10 16:20:26,181 - AVC - ArUco Marker Found At [32.9937526, -96.7538141]
2025-03-10 16:20:27,183 - AVC - Received from Jetson: [32.9937526, -96.7538141]1

2025-03-10 16:20:27,183 - AVC - ArUco Marker Found At [32.9937526, -96.7538141]
2025-03-10 16:20:28,185 - AVC - Received from Jetson: [32.9937526, -96.7538141]1

2025-03-10 16:20:28,186 - AVC - ArUco Marker Found At [32.9937526, -96.7538141]
2025-03-10 16:20:29,188 - AVC - Received from Jetson: [32.9937526, -96.7538141]1

2025-03-10 16:20:29,189 - AVC - ArUco Marker Found At [32.9937526, -96.7538141]
2025-03-10 16:20:30,191 - AVC - Received from Jetson: [32.9937526, -96.7538141]1

2025-03-10 16:20:30,191 - AVC - ArUco Marker Found At [32.9937526, -96.7538141]
2025-03-10 16:20:31,193 - AVC - Received from Jetson: [32.9937526, -96.7538141]1

2025-03-10 16:20:31,194 - AVC - ArUco Marker Found At [32.9937526, -96.7538141]
2025-03-10 16:20:32,195 - AVC - Received from Jetson: [32.9937526, -96.7538141]1

2025-03-10 16:20:32,195 - AVC - ArUco Marker Found At [32.9937526, -96.7538141]
2025-03-10 16:20:33,197 - AVC - Received from Jetson: [32.9937526, -96.7538141]1

2025-03-10 16:20:33,198 - AVC - ArUco Marker Found At [32.9937526, -96.7538141]
2025-03-10 16:20:34,199 - AVC - Received from Jetson: [32.9937526, -96.7538141]1

2025-03-10 16:20:34,199 - AVC - ArUco Marker Found At [32.9937526, -96.7538141]
2025-03-10 16:20:35,201 - AVC - Received from Jetson: [32.9937526, -96.7538141]1

2025-03-10 16:20:35,202 - AVC - ArUco Marker Found At [32.9937526, -96.7538141]
2025-03-10 16:20:36,203 - AVC - Received from Jetson: [32.9937526, -96.7538141]1

2025-03-10 16:20:36,203 - AVC - ArUco Marker Found At [32.9937526, -96.7538141]
2025-03-10 16:20:37,206 - AVC - Received from Jetson: [32.9937526, -96.7538141]1

2025-03-10 16:20:37,206 - AVC - ArUco Marker Found At [32.9937526, -96.7538141]
2025-03-10 16:20:38,209 - AVC - Received from Jetson: [32.9937526, -96.7538141]1

2025-03-10 16:20:38,209 - AVC - ArUco Marker Found At [32.9937526, -96.7538141]
2025-03-10 16:20:39,210 - AVC - Received from Jetson: [32.9937526, -96.7538141]1

2025-03-10 16:20:39,211 - AVC - ArUco Marker Found At [32.9937526, -96.7538141]
2025-03-10 16:20:40,213 - AVC - Received from Jetson: [32.9937526, -96.7538141]1

2025-03-10 16:20:40,214 - AVC - ArUco Marker Found At [32.9937526, -96.7538141]
2025-03-10 16:20:41,216 - AVC - Received from Jetson: [32.9937526, -96.7538141]1

2025-03-10 16:20:41,216 - AVC - ArUco Marker Found At [32.9937526, -96.7538141]
2025-03-10 16:20:42,218 - AVC - Received from Jetson: [32.9937526, -96.7538141]1

2025-03-10 16:20:42,218 - AVC - ArUco Marker Found At [32.9937526, -96.7538141]
2025-03-10 16:20:43,220 - AVC - Received from Jetson: [32.9937526, -96.7538141]1

2025-03-10 16:20:43,221 - AVC - ArUco Marker Found At [32.9937526, -96.7538141]
2025-03-10 16:20:44,223 - AVC - Received from Jetson: [32.9937526, -96.7538141]1

2025-03-10 16:20:44,223 - AVC - ArUco Marker Found At [32.9937526, -96.7538141]
2025-03-10 16:20:45,225 - AVC - Received from Jetson: [32.9937526, -96.7538141]1

2025-03-10 16:20:45,226 - AVC - ArUco Marker Found At [32.9937526, -96.7538141]
2025-03-10 16:20:46,227 - AVC - Received from Jetson: [32.9937526, -96.7538141]1

2025-03-10 16:20:46,228 - AVC - ArUco Marker Found At [32.9937526, -96.7538141]
2025-03-10 16:20:47,230 - AVC - Received from Jetson: [32.9937526, -96.7538141]1

2025-03-10 16:20:47,231 - AVC - ArUco Marker Found At [32.9937526, -96.7538141]
2025-03-10 16:20:48,233 - AVC - Received from Jetson: [32.9937526, -96.7538141]1

2025-03-10 16:20:48,233 - AVC - ArUco Marker Found At [32.9937526, -96.7538141]
2025-03-10 16:20:48,396 - AVC - UAV END: LANDING
2025-03-10 16:20:49,238 - AVC - Received from Jetson: [32.9937526, -96.7538141]1

2025-03-10 16:20:49,239 - AVC - ArUco Marker Found At [32.9937526, -96.7538141]
2025-03-10 16:20:50,241 - AVC - Received from Jetson: [32.9937526, -96.7538141]1

2025-03-10 16:20:50,242 - AVC - ArUco Marker Found At [32.9937526, -96.7538141]
2025-03-10 16:20:51,243 - AVC - Received from Jetson: [32.9937526, -96.7538141]1

2025-03-10 16:20:51,243 - AVC - ArUco Marker Found At [32.9937526, -96.7538141]
2025-03-10 16:20:52,245 - AVC - Received from Jetson: [32.9937526, -96.7538141]1

2025-03-10 16:20:52,246 - AVC - ArUco Marker Found At [32.9937526, -96.7538141]
2025-03-10 16:20:53,248 - AVC - Received from Jetson: [32.9937526, -96.7538141]1

2025-03-10 16:20:53,248 - AVC - ArUco Marker Found At [32.9937526, -96.7538141]
2025-03-10 16:20:54,251 - AVC - Received from Jetson: [32.9937526, -96.7538141]1

2025-03-10 16:20:54,251 - AVC - ArUco Marker Found At [32.9937526, -96.7538141]
2025-03-10 16:20:55,253 - AVC - Received from Jetson: [32.9937526, -96.7538141]1

2025-03-10 16:20:55,254 - AVC - ArUco Marker Found At [32.9937526, -96.7538141]
2025-03-10 16:20:56,255 - AVC - Received from Jetson: [32.9937526, -96.7538141]1

2025-03-10 16:20:56,255 - AVC - ArUco Marker Found At [32.9937526, -96.7538141]
2025-03-10 16:20:57,257 - AVC - Received from Jetson: [32.9937526, -96.7538141]1

2025-03-10 16:20:57,258 - AVC - ArUco Marker Found At [32.9937526, -96.7538141]
2025-03-10 16:20:58,260 - AVC - Received from Jetson: [32.9937526, -96.7538141]1

2025-03-10 16:20:58,263 - AVC - ArUco Marker Found At [32.9937526, -96.7538141]
2025-03-10 16:20:59,265 - AVC - Received from Jetson: [32.9937526, -96.7538141]1

2025-03-10 16:20:59,266 - AVC - ArUco Marker Found At [32.9937526, -96.7538141]
2025-03-10 16:21:00,267 - AVC - Received from Jetson: [32.9937526, -96.7538141]1

2025-03-10 16:21:00,267 - AVC - ArUco Marker Found At [32.9937526, -96.7538141]
2025-03-10 16:21:01,269 - AVC - Received from Jetson: [32.9937526, -96.7538141]1

2025-03-10 16:21:01,270 - AVC - ArUco Marker Found At [32.9937526, -96.7538141]
2025-03-10 16:21:02,271 - AVC - Received from Jetson: [32.9937526, -96.7538141]1

2025-03-10 16:21:02,271 - AVC - ArUco Marker Found At [32.9937526, -96.7538141]
2025-03-10 16:21:03,275 - AVC - Received from Jetson: [32.9937526, -96.7538141]1

2025-03-10 16:21:03,279 - AVC - ArUco Marker Found At [32.9937526, -96.7538141]
2025-03-10 16:21:04,281 - AVC - Received from Jetson: [32.9937526, -96.7538141]1

2025-03-10 16:21:04,281 - AVC - ArUco Marker Found At [32.9937526, -96.7538141]
2025-03-10 16:21:05,282 - AVC - Received from Jetson: [32.9937526, -96.7538141]1

2025-03-10 16:21:05,283 - AVC - ArUco Marker Found At [32.9937526, -96.7538141]
2025-03-10 16:21:06,285 - AVC - Received from Jetson: [32.9937526, -96.7538141]1

2025-03-10 16:21:06,285 - AVC - ArUco Marker Found At [32.9937526, -96.7538141]
2025-03-10 16:21:07,287 - AVC - Received from Jetson: [32.9937526, -96.7538141]1

2025-03-10 16:21:07,288 - AVC - ArUco Marker Found At [32.9937526, -96.7538141]
2025-03-10 16:21:08,290 - AVC - Received from Jetson: [32.9937526, -96.7538141]1

2025-03-10 16:21:08,291 - AVC - ArUco Marker Found At [32.9937526, -96.7538141]
2025-03-10 16:21:09,293 - AVC - Received from Jetson: [32.9937526, -96.7538141]1

2025-03-10 16:21:09,293 - AVC - ArUco Marker Found At [32.9937526, -96.7538141]
2025-03-10 16:21:10,295 - AVC - Received from Jetson: [32.9937526, -96.7538141]1

2025-03-10 16:21:10,295 - AVC - ArUco Marker Found At [32.9937526, -96.7538141]
2025-03-10 16:21:11,297 - AVC - Received from Jetson: [32.9937526, -96.7538141]1

2025-03-10 16:21:11,298 - AVC - ArUco Marker Found At [32.9937526, -96.7538141]
2025-03-10 16:21:12,299 - AVC - Received from Jetson: [32.9937526, -96.7538141]1

2025-03-10 16:21:12,300 - AVC - ArUco Marker Found At [32.9937526, -96.7538141]
2025-03-10 16:21:13,302 - AVC - Received from Jetson: [32.9937526, -96.7538141]1

2025-03-10 16:21:13,302 - AVC - ArUco Marker Found At [32.9937526, -96.7538141]
2025-03-10 16:21:14,304 - AVC - Received from Jetson: [32.9937526, -96.7538141]1

2025-03-10 16:21:14,304 - AVC - ArUco Marker Found At [32.9937526, -96.7538141]
2025-03-10 16:21:15,306 - AVC - Received from Jetson: [32.9937526, -96.7538141]1

2025-03-10 16:21:15,307 - AVC - ArUco Marker Found At [32.9937526, -96.7538141]
2025-03-10 16:21:16,309 - AVC - Received from Jetson: [32.9937526, -96.7538141]1

2025-03-10 16:21:16,309 - AVC - ArUco Marker Found At [32.9937526, -96.7538141]
2025-03-10 16:21:17,311 - AVC - Received from Jetson: [32.9937526, -96.7538141]1

2025-03-10 16:21:17,312 - AVC - ArUco Marker Found At [32.9937526, -96.7538141]
2025-03-10 16:21:18,314 - AVC - Received from Jetson: [32.9937526, -96.7538141]1

2025-03-10 16:21:18,320 - AVC - ArUco Marker Found At [32.9937526, -96.7538141]
2025-03-10 16:21:19,322 - AVC - Received from Jetson: [32.9937526, -96.7538141]1

2025-03-10 16:21:19,322 - AVC - ArUco Marker Found At [32.9937526, -96.7538141]
2025-03-10 16:21:20,324 - AVC - Received from Jetson: [32.9937526, -96.7538141]1

2025-03-10 16:21:20,324 - AVC - ArUco Marker Found At [32.9937526, -96.7538141]
2025-03-10 16:21:21,326 - AVC - Received from Jetson: [32.9937526, -96.7538141]1

2025-03-10 16:21:21,326 - AVC - ArUco Marker Found At [32.9937526, -96.7538141]
2025-03-10 16:21:22,328 - AVC - Received from Jetson: [32.9937526, -96.7538141]1

2025-03-10 16:21:22,329 - AVC - ArUco Marker Found At [32.9937526, -96.7538141]
2025-03-10 16:21:23,331 - AVC - Received from Jetson: [32.9937526, -96.7538141]1

2025-03-10 16:21:23,331 - AVC - ArUco Marker Found At [32.9937526, -96.7538141]
2025-03-10 16:21:24,335 - AVC - Received from Jetson: [32.9937526, -96.7538141]1

2025-03-10 16:21:24,335 - AVC - ArUco Marker Found At [32.9937526, -96.7538141]
2025-03-10 16:21:25,338 - AVC - Received from Jetson: [32.9937526, -96.7538141]1

2025-03-10 16:21:25,338 - AVC - ArUco Marker Found At [32.9937526, -96.7538141]
2025-03-10 16:21:26,341 - AVC - Received from Jetson: [32.9937526, -96.7538141]1

2025-03-10 16:21:26,341 - AVC - ArUco Marker Found At [32.9937526, -96.7538141]
2025-03-10 16:21:27,343 - AVC - Received from Jetson: [32.9937526, -96.7538141]1

2025-03-10 16:21:27,343 - AVC - ArUco Marker Found At [32.9937526, -96.7538141]
2025-03-10 16:21:28,346 - AVC - Received from Jetson: [32.9937526, -96.7538141]1

2025-03-10 16:21:28,346 - AVC - ArUco Marker Found At [32.9937526, -96.7538141]
2025-03-10 16:21:29,348 - AVC - Received from Jetson: [32.9937526, -96.7538141]1

2025-03-10 16:21:29,348 - AVC - ArUco Marker Found At [32.9937526, -96.7538141]
2025-03-10 16:21:30,350 - AVC - Received from Jetson: [32.9937526, -96.7538141]1

2025-03-10 16:21:30,351 - AVC - ArUco Marker Found At [32.9937526, -96.7538141]
2025-03-10 16:21:31,353 - AVC - Received from Jetson: [32.9937526, -96.7538141]1

2025-03-10 16:21:31,353 - AVC - ArUco Marker Found At [32.9937526, -96.7538141]
2025-03-10 16:21:32,355 - AVC - Received from Jetson: [32.9937526, -96.7538141]1

2025-03-10 16:21:32,356 - AVC - ArUco Marker Found At [32.9937526, -96.7538141]
2025-03-10 16:21:33,358 - AVC - Received from Jetson: [32.9937526, -96.7538141]1

2025-03-10 16:21:33,361 - AVC - ArUco Marker Found At [32.9937526, -96.7538141]
2025-03-10 16:21:34,363 - AVC - Received from Jetson: [32.9937526, -96.7538141]1

2025-03-10 16:21:34,363 - AVC - ArUco Marker Found At [32.9937526, -96.7538141]
2025-03-10 16:21:35,366 - AVC - Received from Jetson: [32.9937526, -96.7538141]1

2025-03-10 16:21:35,366 - AVC - ArUco Marker Found At [32.9937526, -96.7538141]
2025-03-10 16:21:36,368 - AVC - Received from Jetson: [32.9937526, -96.7538141]1

2025-03-10 16:21:36,368 - AVC - ArUco Marker Found At [32.9937526, -96.7538141]
2025-03-10 16:21:37,371 - AVC - Received from Jetson: [32.9937526, -96.7538141]1

2025-03-10 16:21:37,371 - AVC - ArUco Marker Found At [32.9937526, -96.7538141]
2025-03-10 16:21:38,373 - AVC - Received from Jetson: [32.9937526, -96.7538141]1

2025-03-10 16:21:38,374 - AVC - ArUco Marker Found At [32.9937526, -96.7538141]
2025-03-10 16:21:39,375 - AVC - Received from Jetson: [32.9937526, -96.7538141]1

2025-03-10 16:21:39,375 - AVC - ArUco Marker Found At [32.9937526, -96.7538141]
2025-03-10 16:21:40,377 - AVC - Received from Jetson: [32.9937526, -96.7538141]1

2025-03-10 16:21:40,378 - AVC - ArUco Marker Found At [32.9937526, -96.7538141]
2025-03-10 16:21:41,381 - AVC - Received from Jetson: [32.9937526, -96.7538141]1

2025-03-10 16:21:41,381 - AVC - ArUco Marker Found At [32.9937526, -96.7538141]
2025-03-10 16:21:42,383 - AVC - Received from Jetson: [32.9937526, -96.7538141]1

2025-03-10 16:21:42,383 - AVC - ArUco Marker Found At [32.9937526, -96.7538141]
2025-03-10 16:21:43,385 - AVC - Received from Jetson: [32.9937526, -96.7538141]1

2025-03-10 16:21:43,391 - AVC - ArUco Marker Found At [32.9937526, -96.7538141]
2025-03-10 16:21:44,393 - AVC - Received from Jetson: [32.9937526, -96.7538141]1

2025-03-10 16:21:44,393 - AVC - ArUco Marker Found At [32.9937526, -96.7538141]
2025-03-10 16:21:45,395 - AVC - Received from Jetson: [32.9937526, -96.7538141]1

2025-03-10 16:21:45,395 - AVC - ArUco Marker Found At [32.9937526, -96.7538141]
2025-03-10 16:21:46,397 - AVC - Received from Jetson: [32.9937526, -96.7538141]1

2025-03-10 16:21:46,398 - AVC - ArUco Marker Found At [32.9937526, -96.7538141]
2025-03-10 16:21:47,399 - AVC - Received from Jetson: [32.9937526, -96.7538141]1

2025-03-10 16:21:47,400 - AVC - ArUco Marker Found At [32.9937526, -96.7538141]
2025-03-10 16:21:48,402 - AVC - Received from Jetson: [32.9937526, -96.7538141]1

2025-03-10 16:21:48,408 - AVC - ArUco Marker Found At [32.9937526, -96.7538141]
2025-03-10 16:21:49,411 - AVC - Received from Jetson: [32.9937526, -96.7538141]1

2025-03-10 16:21:49,411 - AVC - ArUco Marker Found At [32.9937526, -96.7538141]
2025-03-10 16:21:50,414 - AVC - Received from Jetson: [32.9937526, -96.7538141]1

2025-03-10 16:21:50,414 - AVC - ArUco Marker Found At [32.9937526, -96.7538141]
2025-03-10 16:21:51,417 - AVC - Received from Jetson: [32.9937526, -96.7538141]1

2025-03-10 16:21:51,417 - AVC - ArUco Marker Found At [32.9937526, -96.7538141]
2025-03-10 16:21:52,420 - AVC - Received from Jetson: [32.9937526, -96.7538141]1

2025-03-10 16:21:52,421 - AVC - ArUco Marker Found At [32.9937526, -96.7538141]
2025-03-10 16:21:53,423 - AVC - Received from Jetson: [32.9937526, -96.7538141]1

2025-03-10 16:21:53,425 - AVC - ArUco Marker Found At [32.9937526, -96.7538141]
2025-03-10 16:21:54,428 - AVC - Received from Jetson: [32.9937526, -96.7538141]1

2025-03-10 16:21:54,428 - AVC - ArUco Marker Found At [32.9937526, -96.7538141]
2025-03-10 16:21:55,431 - AVC - Received from Jetson: [32.9937526, -96.7538141]1

2025-03-10 16:21:55,431 - AVC - ArUco Marker Found At [32.9937526, -96.7538141]
2025-03-10 16:21:56,433 - AVC - Received from Jetson: [32.9937526, -96.7538141]1

2025-03-10 16:21:56,433 - AVC - ArUco Marker Found At [32.9937526, -96.7538141]
2025-03-10 16:21:57,435 - AVC - Received from Jetson: [32.9937526, -96.7538141]1

2025-03-10 16:21:57,435 - AVC - ArUco Marker Found At [32.9937526, -96.7538141]
2025-03-10 16:21:58,437 - AVC - Received from Jetson: [32.9937526, -96.7538141]1

2025-03-10 16:21:58,438 - AVC - ArUco Marker Found At [32.9937526, -96.7538141]
2025-03-10 16:21:59,439 - AVC - Received from Jetson: [32.9937526, -96.7538141]1

2025-03-10 16:21:59,439 - AVC - ArUco Marker Found At [32.9937526, -96.7538141]
2025-03-10 16:22:00,441 - AVC - Received from Jetson: [32.9937526, -96.7538141]1

2025-03-10 16:22:00,442 - AVC - ArUco Marker Found At [32.9937526, -96.7538141]
2025-03-10 16:22:01,443 - AVC - Received from Jetson: [32.9937526, -96.7538141]1

2025-03-10 16:22:01,443 - AVC - ArUco Marker Found At [32.9937526, -96.7538141]
2025-03-10 16:22:02,444 - AVC - Received from Jetson: [32.9937526, -96.7538141]1

2025-03-10 16:22:02,445 - AVC - ArUco Marker Found At [32.9937526, -96.7538141]
2025-03-10 16:22:03,446 - AVC - Received from Jetson: [32.9937526, -96.7538141]1

2025-03-10 16:22:03,446 - AVC - ArUco Marker Found At [32.9937526, -96.7538141]
2025-03-10 16:22:04,449 - AVC - Received from Jetson: [32.9937526, -96.7538141]1

2025-03-10 16:22:04,449 - AVC - ArUco Marker Found At [32.9937526, -96.7538141]
2025-03-10 16:22:05,451 - AVC - Received from Jetson: [32.9937526, -96.7538141]1

2025-03-10 16:22:05,452 - AVC - ArUco Marker Found At [32.9937526, -96.7538141]
2025-03-10 16:22:06,455 - AVC - Received from Jetson: [32.9937526, -96.7538141]1

2025-03-10 16:22:06,456 - AVC - ArUco Marker Found At [32.9937526, -96.7538141]
2025-03-10 16:22:07,458 - AVC - Received from Jetson: [32.9937526, -96.7538141]1

2025-03-10 16:22:07,458 - AVC - ArUco Marker Found At [32.9937526, -96.7538141]
2025-03-10 16:22:08,461 - AVC - Received from Jetson: [32.9937526, -96.7538141]1

2025-03-10 16:22:08,461 - AVC - ArUco Marker Found At [32.9937526, -96.7538141]
2025-03-10 16:22:09,464 - AVC - Received from Jetson: [32.9937526, -96.7538141]1

2025-03-10 16:22:09,464 - AVC - ArUco Marker Found At [32.9937526, -96.7538141]
2025-03-10 16:22:10,466 - AVC - Received from Jetson: [32.9937526, -96.7538141]1

2025-03-10 16:22:10,467 - AVC - ArUco Marker Found At [32.9937526, -96.7538141]
2025-03-10 16:22:11,469 - AVC - Received from Jetson: [32.9937526, -96.7538141]1

2025-03-10 16:22:11,469 - AVC - ArUco Marker Found At [32.9937526, -96.7538141]
2025-03-10 16:22:12,472 - AVC - Received from Jetson: [32.9937526, -96.7538141]1

2025-03-10 16:22:12,473 - AVC - ArUco Marker Found At [32.9937526, -96.7538141]
2025-03-10 16:22:13,477 - AVC - Message send failed

2025-03-10 16:22:13,478 - AVC - ArUco Marker Found At [32.9937526, -96.7538141]
2025-03-10 16:22:14,479 - AVC - Received from Jetson: [32.9937526, -96.7538141]1

2025-03-10 16:22:14,480 - AVC - ArUco Marker Found At [32.9937526, -96.7538141]
2025-03-10 16:22:15,482 - AVC - Message send failed

2025-03-10 16:22:15,483 - AVC - ArUco Marker Found At [32.9937526, -96.7538141]
2025-03-10 16:22:16,485 - AVC - Received from Jetson: [32.9937526, -96.7538141]1

2025-03-10 16:22:16,486 - AVC - ArUco Marker Found At [32.9937526, -96.7538141]
2025-03-10 16:22:17,487 - AVC - Message send failed

2025-03-10 16:22:17,488 - AVC - ArUco Marker Found At [32.9937526, -96.7538141]
2025-03-10 16:22:18,491 - AVC - Received from Jetson: [32.9937526, -96.7538141]1

2025-03-10 16:22:18,492 - AVC - ArUco Marker Found At [32.9937526, -96.7538141]
2025-03-10 16:22:19,494 - AVC - Message send failed

2025-03-10 16:22:19,494 - AVC - ArUco Marker Found At [32.9937526, -96.7538141]
2025-03-10 16:22:20,496 - AVC - E (1378159) wifi:NAN WiFi stop

2025-03-10 16:22:20,497 - AVC - ArUco Marker Found At [32.9937526, -96.7538141]
2025-03-10 16:22:21,499 - AVC - ets Jul 29 2019 12:21:46

2025-03-10 16:22:21,499 - AVC - ArUco Marker Found At [32.9937526, -96.7538141]
2025-03-10 16:22:22,500 - AVC - 

2025-03-10 16:22:22,501 - AVC - ArUco Marker Found At [32.9937526, -96.7538141]
